[
  {
    id: 'ETHBTC',
    lowercaseId: 'ethbtc',
    symbol: 'ETH/BTC',
    base: 'ETH',
    quote: 'BTC',
    baseId: 'ETH',
    quoteId: 'BTC',
    info: {
      symbol: 'ETHBTC',
      status: 'TRADING',
      baseAsset: 'ETH',
      baseAssetPrecision: 8,
      quoteAsset: 'BTC',
      quotePrecision: 8,
      quoteAssetPrecision: 8,
      baseCommissionPrecision: 8,
      quoteCommissionPrecision: 8,
      orderTypes: [Array],
      icebergAllowed: true,
      ocoAllowed: true,
      quoteOrderQtyMarketAllowed: true,
      isSpotTradingAllowed: true,
      isMarginTradingAllowed: true,
      filters: [Array],
      permissions: [Array]
    },
    type: 'spot',
    spot: true,
    margin: true,
    future: false,
    delivery: false,
    active: true,
    precision: { base: 8, quote: 8, amount: 3, price: 6 },
    limits: {
      amount: [Object],
      price: [Object],
      cost: [Object],
      market: [Object]
    }
  },
  {
    id: 'LTCBTC',
    lowercaseId: 'ltcbtc',
    symbol: 'LTC/BTC',
    base: 'LTC',
    quote: 'BTC',
    baseId: 'LTC',
    quoteId: 'BTC',
    info: {
      symbol: 'LTCBTC',
      status: 'TRADING',
      baseAsset: 'LTC',
      baseAssetPrecision: 8,
      quoteAsset: 'BTC',
      quotePrecision: 8,
      quoteAssetPrecision: 8,
      baseCommissionPrecision: 8,
      quoteCommissionPrecision: 8,
      orderTypes: [Array],
      icebergAllowed: true,
      ocoAllowed: true,
      quoteOrderQtyMarketAllowed: true,
      isSpotTradingAllowed: true,
      isMarginTradingAllowed: true,
      filters: [Array],
      permissions: [Array]
    },
    type: 'spot',
    spot: true,
    margin: true,
    future: false,
    delivery: false,
    active: true,
    precision: { base: 8, quote: 8, amount: 2, price: 6 },
    limits: {
      amount: [Object],
      price: [Object],
      cost: [Object],
      market: [Object]
    }
  },
  {
    id: 'BNBBTC',
    lowercaseId: 'bnbbtc',
    symbol: 'BNB/BTC',
    base: 'BNB',
    quote: 'BTC',
    baseId: 'BNB',
    quoteId: 'BTC',
    info: {
      symbol: 'BNBBTC',
      status: 'TRADING',
      baseAsset: 'BNB',
      baseAssetPrecision: 8,
      quoteAsset: 'BTC',
      quotePrecision: 8,
      quoteAssetPrecision: 8,
      baseCommissionPrecision: 8,
      quoteCommissionPrecision: 8,
      orderTypes: [Array],
      icebergAllowed: true,
      ocoAllowed: true,
      quoteOrderQtyMarketAllowed: true,
      isSpotTradingAllowed: true,
      isMarginTradingAllowed: true,
      filters: [Array],
      permissions: [Array]
    },
    type: 'spot',
    spot: true,
    margin: true,
    future: false,
    delivery: false,
    active: true,
    precision: { base: 8, quote: 8, amount: 2, price: 7 },
    limits: {
      amount: [Object],
      price: [Object],
      cost: [Object],
      market: [Object]
    }
  },
  {
    id: 'NEOBTC',
    lowercaseId: 'neobtc',
    symbol: 'NEO/BTC',
    base: 'NEO',
    quote: 'BTC',
    baseId: 'NEO',
    quoteId: 'BTC',
    info: {
      symbol: 'NEOBTC',
      status: 'TRADING',
      baseAsset: 'NEO',
      baseAssetPrecision: 8,
      quoteAsset: 'BTC',
      quotePrecision: 8,
      quoteAssetPrecision: 8,
      baseCommissionPrecision: 8,
      quoteCommissionPrecision: 8,
      orderTypes: [Array],
      icebergAllowed: true,
      ocoAllowed: true,
      quoteOrderQtyMarketAllowed: true,
      isSpotTradingAllowed: true,
      isMarginTradingAllowed: true,
      filters: [Array],
      permissions: [Array]
    },
    type: 'spot',
    spot: true,
    margin: true,
    future: false,
    delivery: false,
    active: true,
    precision: { base: 8, quote: 8, amount: 2, price: 6 },
    limits: {
      amount: [Object],
      price: [Object],
      cost: [Object],
      market: [Object]
    }
  },
  {
    id: 'QTUMETH',
    lowercaseId: 'qtumeth',
    symbol: 'QTUM/ETH',
    base: 'QTUM',
    quote: 'ETH',
    baseId: 'QTUM',
    quoteId: 'ETH',
    info: {
      symbol: 'QTUMETH',
      status: 'TRADING',
      baseAsset: 'QTUM',
      baseAssetPrecision: 8,
      quoteAsset: 'ETH',
      quotePrecision: 8,
      quoteAssetPrecision: 8,
      baseCommissionPrecision: 8,
      quoteCommissionPrecision: 8,
      orderTypes: [Array],
      icebergAllowed: true,
      ocoAllowed: true,
      quoteOrderQtyMarketAllowed: true,
      isSpotTradingAllowed: true,
      isMarginTradingAllowed: false,
      filters: [Array],
      permissions: [Array]
    },
    type: 'spot',
    spot: true,
    margin: false,
    future: false,
    delivery: false,
    active: true,
    precision: { base: 8, quote: 8, amount: 2, price: 6 },
    limits: {
      amount: [Object],
      price: [Object],
      cost: [Object],
      market: [Object]
    }
  },
  {
    id: 'EOSETH',
    lowercaseId: 'eoseth',
    symbol: 'EOS/ETH',
    base: 'EOS',
    quote: 'ETH',
    baseId: 'EOS',
    quoteId: 'ETH',
    info: {
      symbol: 'EOSETH',
      status: 'TRADING',
      baseAsset: 'EOS',
      baseAssetPrecision: 8,
      quoteAsset: 'ETH',
      quotePrecision: 8,
      quoteAssetPrecision: 8,
      baseCommissionPrecision: 8,
      quoteCommissionPrecision: 8,
      orderTypes: [Array],
      icebergAllowed: true,
      ocoAllowed: true,
      quoteOrderQtyMarketAllowed: true,
      isSpotTradingAllowed: true,
      isMarginTradingAllowed: true,
      filters: [Array],
      permissions: [Array]
    },
    type: 'spot',
    spot: true,
    margin: true,
    future: false,
    delivery: false,
    active: true,
    precision: { base: 8, quote: 8, amount: 2, price: 6 },
    limits: {
      amount: [Object],
      price: [Object],
      cost: [Object],
      market: [Object]
    }
  },
  {
    id: 'SNTETH',
    lowercaseId: 'snteth',
    symbol: 'SNT/ETH',
    base: 'SNT',
    quote: 'ETH',
    baseId: 'SNT',
    quoteId: 'ETH',
    info: {
      symbol: 'SNTETH',
      status: 'TRADING',
      baseAsset: 'SNT',
      baseAssetPrecision: 8,
      quoteAsset: 'ETH',
      quotePrecision: 8,
      quoteAssetPrecision: 8,
      baseCommissionPrecision: 8,
      quoteCommissionPrecision: 8,
      orderTypes: [Array],
      icebergAllowed: true,
      ocoAllowed: true,
      quoteOrderQtyMarketAllowed: true,
      isSpotTradingAllowed: true,
      isMarginTradingAllowed: false,
      filters: [Array],
      permissions: [Array]
    },
    type: 'spot',
    spot: true,
    margin: false,
    future: false,
    delivery: false,
    active: true,
    precision: { base: 8, quote: 8, amount: 0, price: 8 },
    limits: {
      amount: [Object],
      price: [Object],
      cost: [Object],
      market: [Object]
    }
  },
  {
    id: 'BNTETH',
    lowercaseId: 'bnteth',
    symbol: 'BNT/ETH',
    base: 'BNT',
    quote: 'ETH',
    baseId: 'BNT',
    quoteId: 'ETH',
    info: {
      symbol: 'BNTETH',
      status: 'TRADING',
      baseAsset: 'BNT',
      baseAssetPrecision: 8,
      quoteAsset: 'ETH',
      quotePrecision: 8,
      quoteAssetPrecision: 8,
      baseCommissionPrecision: 8,
      quoteCommissionPrecision: 8,
      orderTypes: [Array],
      icebergAllowed: true,
      ocoAllowed: true,
      quoteOrderQtyMarketAllowed: true,
      isSpotTradingAllowed: true,
      isMarginTradingAllowed: false,
      filters: [Array],
      permissions: [Array]
    },
    type: 'spot',
    spot: true,
    margin: false,
    future: false,
    delivery: false,
    active: true,
    precision: { base: 8, quote: 8, amount: 2, price: 6 },
    limits: {
      amount: [Object],
      price: [Object],
      cost: [Object],
      market: [Object]
    }
  },
  {
    id: 'BCCBTC',
    lowercaseId: 'bccbtc',
    symbol: 'BCC/BTC',
    base: 'BCC',
    quote: 'BTC',
    baseId: 'BCC',
    quoteId: 'BTC',
    info: {
      symbol: 'BCCBTC',
      status: 'BREAK',
      baseAsset: 'BCC',
      baseAssetPrecision: 8,
      quoteAsset: 'BTC',
      quotePrecision: 8,
      quoteAssetPrecision: 8,
      baseCommissionPrecision: 8,
      quoteCommissionPrecision: 8,
      orderTypes: [Array],
      icebergAllowed: true,
      ocoAllowed: true,
      quoteOrderQtyMarketAllowed: true,
      isSpotTradingAllowed: true,
      isMarginTradingAllowed: false,
      filters: [Array],
      permissions: [Array]
    },
    type: 'spot',
    spot: true,
    margin: false,
    future: false,
    delivery: false,
    active: false,
    precision: { base: 8, quote: 8, amount: 3, price: 6 },
    limits: { amount: [Object], price: [Object], cost: [Object] }
  },
  {
    id: 'GASBTC',
    lowercaseId: 'gasbtc',
    symbol: 'GAS/BTC',
    base: 'GAS',
    quote: 'BTC',
    baseId: 'GAS',
    quoteId: 'BTC',
    info: {
      symbol: 'GASBTC',
      status: 'TRADING',
      baseAsset: 'GAS',
      baseAssetPrecision: 8,
      quoteAsset: 'BTC',
      quotePrecision: 8,
      quoteAssetPrecision: 8,
      baseCommissionPrecision: 8,
      quoteCommissionPrecision: 8,
      orderTypes: [Array],
      icebergAllowed: true,
      ocoAllowed: true,
      quoteOrderQtyMarketAllowed: true,
      isSpotTradingAllowed: true,
      isMarginTradingAllowed: false,
      filters: [Array],
      permissions: [Array]
    },
    type: 'spot',
    spot: true,
    margin: false,
    future: false,
    delivery: false,
    active: true,
    precision: { base: 8, quote: 8, amount: 2, price: 7 },
    limits: {
      amount: [Object],
      price: [Object],
      cost: [Object],
      market: [Object]
    }
  },
  {
    id: 'BNBETH',
    lowercaseId: 'bnbeth',
    symbol: 'BNB/ETH',
    base: 'BNB',
    quote: 'ETH',
    baseId: 'BNB',
    quoteId: 'ETH',
    info: {
      symbol: 'BNBETH',
      status: 'TRADING',
      baseAsset: 'BNB',
      baseAssetPrecision: 8,
      quoteAsset: 'ETH',
      quotePrecision: 8,
      quoteAssetPrecision: 8,
      baseCommissionPrecision: 8,
      quoteCommissionPrecision: 8,
      orderTypes: [Array],
      icebergAllowed: true,
      ocoAllowed: true,
      quoteOrderQtyMarketAllowed: true,
      isSpotTradingAllowed: true,
      isMarginTradingAllowed: true,
      filters: [Array],
      permissions: [Array]
    },
    type: 'spot',
    spot: true,
    margin: true,
    future: false,
    delivery: false,
    active: true,
    precision: { base: 8, quote: 8, amount: 2, price: 6 },
    limits: {
      amount: [Object],
      price: [Object],
      cost: [Object],
      market: [Object]
    }
  },
  {
    id: 'BTCUSDT',
    lowercaseId: 'btcusdt',
    symbol: 'BTC/USDT',
    base: 'BTC',
    quote: 'USDT',
    baseId: 'BTC',
    quoteId: 'USDT',
    info: {
      symbol: 'BTCUSDT',
      status: 'TRADING',
      baseAsset: 'BTC',
      baseAssetPrecision: 8,
      quoteAsset: 'USDT',
      quotePrecision: 8,
      quoteAssetPrecision: 8,
      baseCommissionPrecision: 8,
      quoteCommissionPrecision: 8,
      orderTypes: [Array],
      icebergAllowed: true,
      ocoAllowed: true,
      quoteOrderQtyMarketAllowed: true,
      isSpotTradingAllowed: true,
      isMarginTradingAllowed: true,
      filters: [Array],
      permissions: [Array]
    },
    type: 'spot',
    spot: true,
    margin: true,
    future: false,
    delivery: false,
    active: true,
    precision: { base: 8, quote: 8, amount: 6, price: 2 },
    limits: {
      amount: [Object],
      price: [Object],
      cost: [Object],
      market: [Object]
    }
  },
  {
    id: 'ETHUSDT',
    lowercaseId: 'ethusdt',
    symbol: 'ETH/USDT',
    base: 'ETH',
    quote: 'USDT',
    baseId: 'ETH',
    quoteId: 'USDT',
    info: {
      symbol: 'ETHUSDT',
      status: 'TRADING',
      baseAsset: 'ETH',
      baseAssetPrecision: 8,
      quoteAsset: 'USDT',
      quotePrecision: 8,
      quoteAssetPrecision: 8,
      baseCommissionPrecision: 8,
      quoteCommissionPrecision: 8,
      orderTypes: [Array],
      icebergAllowed: true,
      ocoAllowed: true,
      quoteOrderQtyMarketAllowed: true,
      isSpotTradingAllowed: true,
      isMarginTradingAllowed: true,
      filters: [Array],
      permissions: [Array]
    },
    type: 'spot',
    spot: true,
    margin: true,
    future: false,
    delivery: false,
    active: true,
    precision: { base: 8, quote: 8, amount: 5, price: 2 },
    limits: {
      amount: [Object],
      price: [Object],
      cost: [Object],
      market: [Object]
    }
  },
  {
    id: 'HSRBTC',
    lowercaseId: 'hsrbtc',
    symbol: 'HSR/BTC',
    base: 'HSR',
    quote: 'BTC',
    baseId: 'HSR',
    quoteId: 'BTC',
    info: {
      symbol: 'HSRBTC',
      status: 'BREAK',
      baseAsset: 'HSR',
      baseAssetPrecision: 8,
      quoteAsset: 'BTC',
      quotePrecision: 8,
      quoteAssetPrecision: 8,
      baseCommissionPrecision: 8,
      quoteCommissionPrecision: 8,
      orderTypes: [Array],
      icebergAllowed: true,
      ocoAllowed: true,
      quoteOrderQtyMarketAllowed: true,
      isSpotTradingAllowed: true,
      isMarginTradingAllowed: false,
      filters: [Array],
      permissions: [Array]
    },
    type: 'spot',
    spot: true,
    margin: false,
    future: false,
    delivery: false,
    active: false,
    precision: { base: 8, quote: 8, amount: 2, price: 6 },
    limits: { amount: [Object], price: [Object], cost: [Object] }
  },
  {
    id: 'OAXETH',
    lowercaseId: 'oaxeth',
    symbol: 'OAX/ETH',
    base: 'OAX',
    quote: 'ETH',
    baseId: 'OAX',
    quoteId: 'ETH',
    info: {
      symbol: 'OAXETH',
      status: 'BREAK',
      baseAsset: 'OAX',
      baseAssetPrecision: 8,
      quoteAsset: 'ETH',
      quotePrecision: 8,
      quoteAssetPrecision: 8,
      baseCommissionPrecision: 8,
      quoteCommissionPrecision: 8,
      orderTypes: [Array],
      icebergAllowed: true,
      ocoAllowed: true,
      quoteOrderQtyMarketAllowed: true,
      isSpotTradingAllowed: true,
      isMarginTradingAllowed: false,
      filters: [Array],
      permissions: [Array]
    },
    type: 'spot',
    spot: true,
    margin: false,
    future: false,
    delivery: false,
    active: false,
    precision: { base: 8, quote: 8, amount: 0, price: 7 },
    limits: {
      amount: [Object],
      price: [Object],
      cost: [Object],
      market: [Object]
    }
  },
  {
    id: 'DNTETH',
    lowercaseId: 'dnteth',
    symbol: 'DNT/ETH',
    base: 'DNT',
    quote: 'ETH',
    baseId: 'DNT',
    quoteId: 'ETH',
    info: {
      symbol: 'DNTETH',
      status: 'BREAK',
      baseAsset: 'DNT',
      baseAssetPrecision: 8,
      quoteAsset: 'ETH',
      quotePrecision: 8,
      quoteAssetPrecision: 8,
      baseCommissionPrecision: 8,
      quoteCommissionPrecision: 8,
      orderTypes: [Array],
      icebergAllowed: true,
      ocoAllowed: true,
      quoteOrderQtyMarketAllowed: true,
      isSpotTradingAllowed: true,
      isMarginTradingAllowed: false,
      filters: [Array],
      permissions: [Array]
    },
    type: 'spot',
    spot: true,
    margin: false,
    future: false,
    delivery: false,
    active: false,
    precision: { base: 8, quote: 8, amount: 0, price: 8 },
    limits: {
      amount: [Object],
      price: [Object],
      cost: [Object],
      market: [Object]
    }
  },
  {
    id: 'MCOETH',
    lowercaseId: 'mcoeth',
    symbol: 'MCO/ETH',
    base: 'MCO',
    quote: 'ETH',
    baseId: 'MCO',
    quoteId: 'ETH',
    info: {
      symbol: 'MCOETH',
      status: 'BREAK',
      baseAsset: 'MCO',
      baseAssetPrecision: 8,
      quoteAsset: 'ETH',
      quotePrecision: 8,
      quoteAssetPrecision: 8,
      baseCommissionPrecision: 8,
      quoteCommissionPrecision: 8,
      orderTypes: [Array],
      icebergAllowed: true,
      ocoAllowed: true,
      quoteOrderQtyMarketAllowed: true,
      isSpotTradingAllowed: true,
      isMarginTradingAllowed: false,
      filters: [Array],
      permissions: [Array]
    },
    type: 'spot',
    spot: true,
    margin: false,
    future: false,
    delivery: false,
    active: false,
    precision: { base: 8, quote: 8, amount: 2, price: 6 },
    limits: {
      amount: [Object],
      price: [Object],
      cost: [Object],
      market: [Object]
    }
  },
  {
    id: 'ICNETH',
    lowercaseId: 'icneth',
    symbol: 'ICN/ETH',
    base: 'ICN',
    quote: 'ETH',
    baseId: 'ICN',
    quoteId: 'ETH',
    info: {
      symbol: 'ICNETH',
      status: 'BREAK',
      baseAsset: 'ICN',
      baseAssetPrecision: 8,
      quoteAsset: 'ETH',
      quotePrecision: 8,
      quoteAssetPrecision: 8,
      baseCommissionPrecision: 8,
      quoteCommissionPrecision: 8,
      orderTypes: [Array],
      icebergAllowed: true,
      ocoAllowed: true,
      quoteOrderQtyMarketAllowed: true,
      isSpotTradingAllowed: true,
      isMarginTradingAllowed: false,
      filters: [Array],
      permissions: [Array]
    },
    type: 'spot',
    spot: true,
    margin: false,
    future: false,
    delivery: false,
    active: false,
    precision: { base: 8, quote: 8, amount: 0, price: 7 },
    limits: { amount: [Object], price: [Object], cost: [Object] }
  },
  {
    id: 'MCOBTC',
    lowercaseId: 'mcobtc',
    symbol: 'MCO/BTC',
    base: 'MCO',
    quote: 'BTC',
    baseId: 'MCO',
    quoteId: 'BTC',
    info: {
      symbol: 'MCOBTC',
      status: 'BREAK',
      baseAsset: 'MCO',
      baseAssetPrecision: 8,
      quoteAsset: 'BTC',
      quotePrecision: 8,
      quoteAssetPrecision: 8,
      baseCommissionPrecision: 8,
      quoteCommissionPrecision: 8,
      orderTypes: [Array],
      icebergAllowed: true,
      ocoAllowed: true,
      quoteOrderQtyMarketAllowed: true,
      isSpotTradingAllowed: true,
      isMarginTradingAllowed: false,
      filters: [Array],
      permissions: [Array]
    },
    type: 'spot',
    spot: true,
    margin: false,
    future: false,
    delivery: false,
    active: false,
    precision: { base: 8, quote: 8, amount: 2, price: 7 },
    limits: {
      amount: [Object],
      price: [Object],
      cost: [Object],
      market: [Object]
    }
  },
  {
    id: 'WTCBTC',
    lowercaseId: 'wtcbtc',
    symbol: 'WTC/BTC',
    base: 'WTC',
    quote: 'BTC',
    baseId: 'WTC',
    quoteId: 'BTC',
    info: {
      symbol: 'WTCBTC',
      status: 'TRADING',
      baseAsset: 'WTC',
      baseAssetPrecision: 8,
      quoteAsset: 'BTC',
      quotePrecision: 8,
      quoteAssetPrecision: 8,
      baseCommissionPrecision: 8,
      quoteCommissionPrecision: 8,
      orderTypes: [Array],
      icebergAllowed: true,
      ocoAllowed: true,
      quoteOrderQtyMarketAllowed: true,
      isSpotTradingAllowed: true,
      isMarginTradingAllowed: false,
      filters: [Array],
      permissions: [Array]
    },
    type: 'spot',
    spot: true,
    margin: false,
    future: false,
    delivery: false,
    active: true,
    precision: { base: 8, quote: 8, amount: 2, price: 7 },
    limits: {
      amount: [Object],
      price: [Object],
      cost: [Object],
      market: [Object]
    }
  },
  {
    id: 'WTCETH',
    lowercaseId: 'wtceth',
    symbol: 'WTC/ETH',
    base: 'WTC',
    quote: 'ETH',
    baseId: 'WTC',
    quoteId: 'ETH',
    info: {
      symbol: 'WTCETH',
      status: 'BREAK',
      baseAsset: 'WTC',
      baseAssetPrecision: 8,
      quoteAsset: 'ETH',
      quotePrecision: 8,
      quoteAssetPrecision: 8,
      baseCommissionPrecision: 8,
      quoteCommissionPrecision: 8,
      orderTypes: [Array],
      icebergAllowed: true,
      ocoAllowed: true,
      quoteOrderQtyMarketAllowed: true,
      isSpotTradingAllowed: true,
      isMarginTradingAllowed: false,
      filters: [Array],
      permissions: [Array]
    },
    type: 'spot',
    spot: true,
    margin: false,
    future: false,
    delivery: false,
    active: false,
    precision: { base: 8, quote: 8, amount: 2, price: 6 },
    limits: {
      amount: [Object],
      price: [Object],
      cost: [Object],
      market: [Object]
    }
  },
  {
    id: 'LRCBTC',
    lowercaseId: 'lrcbtc',
    symbol: 'LRC/BTC',
    base: 'LRC',
    quote: 'BTC',
    baseId: 'LRC',
    quoteId: 'BTC',
    info: {
      symbol: 'LRCBTC',
      status: 'TRADING',
      baseAsset: 'LRC',
      baseAssetPrecision: 8,
      quoteAsset: 'BTC',
      quotePrecision: 8,
      quoteAssetPrecision: 8,
      baseCommissionPrecision: 8,
      quoteCommissionPrecision: 8,
      orderTypes: [Array],
      icebergAllowed: true,
      ocoAllowed: true,
      quoteOrderQtyMarketAllowed: true,
      isSpotTradingAllowed: true,
      isMarginTradingAllowed: true,
      filters: [Array],
      permissions: [Array]
    },
    type: 'spot',
    spot: true,
    margin: true,
    future: false,
    delivery: false,
    active: true,
    precision: { base: 8, quote: 8, amount: 0, price: 8 },
    limits: {
      amount: [Object],
      price: [Object],
      cost: [Object],
      market: [Object]
    }
  },
  {
    id: 'LRCETH',
    lowercaseId: 'lrceth',
    symbol: 'LRC/ETH',
    base: 'LRC',
    quote: 'ETH',
    baseId: 'LRC',
    quoteId: 'ETH',
    info: {
      symbol: 'LRCETH',
      status: 'TRADING',
      baseAsset: 'LRC',
      baseAssetPrecision: 8,
      quoteAsset: 'ETH',
      quotePrecision: 8,
      quoteAssetPrecision: 8,
      baseCommissionPrecision: 8,
      quoteCommissionPrecision: 8,
      orderTypes: [Array],
      icebergAllowed: true,
      ocoAllowed: true,
      quoteOrderQtyMarketAllowed: true,
      isSpotTradingAllowed: true,
      isMarginTradingAllowed: false,
      filters: [Array],
      permissions: [Array]
    },
    type: 'spot',
    spot: true,
    margin: false,
    future: false,
    delivery: false,
    active: true,
    precision: { base: 8, quote: 8, amount: 0, price: 8 },
    limits: {
      amount: [Object],
      price: [Object],
      cost: [Object],
      market: [Object]
    }
  },
  {
    id: 'QTUMBTC',
    lowercaseId: 'qtumbtc',
    symbol: 'QTUM/BTC',
    base: 'QTUM',
    quote: 'BTC',
    baseId: 'QTUM',
    quoteId: 'BTC',
    info: {
      symbol: 'QTUMBTC',
      status: 'TRADING',
      baseAsset: 'QTUM',
      baseAssetPrecision: 8,
      quoteAsset: 'BTC',
      quotePrecision: 8,
      quoteAssetPrecision: 8,
      baseCommissionPrecision: 8,
      quoteCommissionPrecision: 8,
      orderTypes: [Array],
      icebergAllowed: true,
      ocoAllowed: true,
      quoteOrderQtyMarketAllowed: true,
      isSpotTradingAllowed: true,
      isMarginTradingAllowed: true,
      filters: [Array],
      permissions: [Array]
    },
    type: 'spot',
    spot: true,
    margin: true,
    future: false,
    delivery: false,
    active: true,
    precision: { base: 8, quote: 8, amount: 2, price: 7 },
    limits: {
      amount: [Object],
      price: [Object],
      cost: [Object],
      market: [Object]
    }
  },
  {
    id: 'YOYOBTC',
    lowercaseId: 'yoyobtc',
    symbol: 'YOYOW/BTC',
    base: 'YOYOW',
    quote: 'BTC',
    baseId: 'YOYO',
    quoteId: 'BTC',
    info: {
      symbol: 'YOYOBTC',
      status: 'TRADING',
      baseAsset: 'YOYO',
      baseAssetPrecision: 8,
      quoteAsset: 'BTC',
      quotePrecision: 8,
      quoteAssetPrecision: 8,
      baseCommissionPrecision: 8,
      quoteCommissionPrecision: 8,
      orderTypes: [Array],
      icebergAllowed: true,
      ocoAllowed: true,
      quoteOrderQtyMarketAllowed: true,
      isSpotTradingAllowed: true,
      isMarginTradingAllowed: false,
      filters: [Array],
      permissions: [Array]
    },
    type: 'spot',
    spot: true,
    margin: false,
    future: false,
    delivery: false,
    active: true,
    precision: { base: 8, quote: 8, amount: 0, price: 8 },
    limits: {
      amount: [Object],
      price: [Object],
      cost: [Object],
      market: [Object]
    }
  },
  {
    id: 'OMGBTC',
    lowercaseId: 'omgbtc',
    symbol: 'OMG/BTC',
    base: 'OMG',
    quote: 'BTC',
    baseId: 'OMG',
    quoteId: 'BTC',
    info: {
      symbol: 'OMGBTC',
      status: 'TRADING',
      baseAsset: 'OMG',
      baseAssetPrecision: 8,
      quoteAsset: 'BTC',
      quotePrecision: 8,
      quoteAssetPrecision: 8,
      baseCommissionPrecision: 8,
      quoteCommissionPrecision: 8,
      orderTypes: [Array],
      icebergAllowed: true,
      ocoAllowed: true,
      quoteOrderQtyMarketAllowed: true,
      isSpotTradingAllowed: true,
      isMarginTradingAllowed: true,
      filters: [Array],
      permissions: [Array]
    },
    type: 'spot',
    spot: true,
    margin: true,
    future: false,
    delivery: false,
    active: true,
    precision: { base: 8, quote: 8, amount: 2, price: 7 },
    limits: {
      amount: [Object],
      price: [Object],
      cost: [Object],
      market: [Object]
    }
  },
  {
    id: 'OMGETH',
    lowercaseId: 'omgeth',
    symbol: 'OMG/ETH',
    base: 'OMG',
    quote: 'ETH',
    baseId: 'OMG',
    quoteId: 'ETH',
    info: {
      symbol: 'OMGETH',
      status: 'TRADING',
      baseAsset: 'OMG',
      baseAssetPrecision: 8,
      quoteAsset: 'ETH',
      quotePrecision: 8,
      quoteAssetPrecision: 8,
      baseCommissionPrecision: 8,
      quoteCommissionPrecision: 8,
      orderTypes: [Array],
      icebergAllowed: true,
      ocoAllowed: true,
      quoteOrderQtyMarketAllowed: true,
      isSpotTradingAllowed: true,
      isMarginTradingAllowed: false,
      filters: [Array],
      permissions: [Array]
    },
    type: 'spot',
    spot: true,
    margin: false,
    future: false,
    delivery: false,
    active: true,
    precision: { base: 8, quote: 8, amount: 2, price: 6 },
    limits: {
      amount: [Object],
      price: [Object],
      cost: [Object],
      market: [Object]
    }
  },
  {
    id: 'ZRXBTC',
    lowercaseId: 'zrxbtc',
    symbol: 'ZRX/BTC',
    base: 'ZRX',
    quote: 'BTC',
    baseId: 'ZRX',
    quoteId: 'BTC',
    info: {
      symbol: 'ZRXBTC',
      status: 'TRADING',
      baseAsset: 'ZRX',
      baseAssetPrecision: 8,
      quoteAsset: 'BTC',
      quotePrecision: 8,
      quoteAssetPrecision: 8,
      baseCommissionPrecision: 8,
      quoteCommissionPrecision: 8,
      orderTypes: [Array],
      icebergAllowed: true,
      ocoAllowed: true,
      quoteOrderQtyMarketAllowed: true,
      isSpotTradingAllowed: true,
      isMarginTradingAllowed: true,
      filters: [Array],
      permissions: [Array]
    },
    type: 'spot',
    spot: true,
    margin: true,
    future: false,
    delivery: false,
    active: true,
    precision: { base: 8, quote: 8, amount: 0, price: 8 },
    limits: {
      amount: [Object],
      price: [Object],
      cost: [Object],
      market: [Object]
    }
  },
  {
    id: 'ZRXETH',
    lowercaseId: 'zrxeth',
    symbol: 'ZRX/ETH',
    base: 'ZRX',
    quote: 'ETH',
    baseId: 'ZRX',
    quoteId: 'ETH',
    info: {
      symbol: 'ZRXETH',
      status: 'TRADING',
      baseAsset: 'ZRX',
      baseAssetPrecision: 8,
      quoteAsset: 'ETH',
      quotePrecision: 8,
      quoteAssetPrecision: 8,
      baseCommissionPrecision: 8,
      quoteCommissionPrecision: 8,
      orderTypes: [Array],
      icebergAllowed: true,
      ocoAllowed: true,
      quoteOrderQtyMarketAllowed: true,
      isSpotTradingAllowed: true,
      isMarginTradingAllowed: false,
      filters: [Array],
      permissions: [Array]
    },
    type: 'spot',
    spot: true,
    margin: false,
    future: false,
    delivery: false,
    active: true,
    precision: { base: 8, quote: 8, amount: 0, price: 8 },
    limits: {
      amount: [Object],
      price: [Object],
      cost: [Object],
      market: [Object]
    }
  },
  {
    id: 'STRATBTC',
    lowercaseId: 'stratbtc',
    symbol: 'STRAT/BTC',
    base: 'STRAT',
    quote: 'BTC',
    baseId: 'STRAT',
    quoteId: 'BTC',
    info: {
      symbol: 'STRATBTC',
      status: 'BREAK',
      baseAsset: 'STRAT',
      baseAssetPrecision: 8,
      quoteAsset: 'BTC',
      quotePrecision: 8,
      quoteAssetPrecision: 8,
      baseCommissionPrecision: 8,
      quoteCommissionPrecision: 8,
      orderTypes: [Array],
      icebergAllowed: true,
      ocoAllowed: true,
      quoteOrderQtyMarketAllowed: true,
      isSpotTradingAllowed: true,
      isMarginTradingAllowed: false,
      filters: [Array],
      permissions: [Array]
    },
    type: 'spot',
    spot: true,
    margin: false,
    future: false,
    delivery: false,
    active: false,
    precision: { base: 8, quote: 8, amount: 0, price: 8 },
    limits: {
      amount: [Object],
      price: [Object],
      cost: [Object],
      market: [Object]
    }
  },
  {
    id: 'STRATETH',
    lowercaseId: 'strateth',
    symbol: 'STRAT/ETH',
    base: 'STRAT',
    quote: 'ETH',
    baseId: 'STRAT',
    quoteId: 'ETH',
    info: {
      symbol: 'STRATETH',
      status: 'BREAK',
      baseAsset: 'STRAT',
      baseAssetPrecision: 8,
      quoteAsset: 'ETH',
      quotePrecision: 8,
      quoteAssetPrecision: 8,
      baseCommissionPrecision: 8,
      quoteCommissionPrecision: 8,
      orderTypes: [Array],
      icebergAllowed: true,
      ocoAllowed: true,
      quoteOrderQtyMarketAllowed: true,
      isSpotTradingAllowed: true,
      isMarginTradingAllowed: false,
      filters: [Array],
      permissions: [Array]
    },
    type: 'spot',
    spot: true,
    margin: false,
    future: false,
    delivery: false,
    active: false,
    precision: { base: 8, quote: 8, amount: 2, price: 6 },
    limits: {
      amount: [Object],
      price: [Object],
      cost: [Object],
      market: [Object]
    }
  },
  {
    id: 'SNGLSBTC',
    lowercaseId: 'snglsbtc',
    symbol: 'SNGLS/BTC',
    base: 'SNGLS',
    quote: 'BTC',
    baseId: 'SNGLS',
    quoteId: 'BTC',
    info: {
      symbol: 'SNGLSBTC',
      status: 'TRADING',
      baseAsset: 'SNGLS',
      baseAssetPrecision: 8,
      quoteAsset: 'BTC',
      quotePrecision: 8,
      quoteAssetPrecision: 8,
      baseCommissionPrecision: 8,
      quoteCommissionPrecision: 8,
      orderTypes: [Array],
      icebergAllowed: true,
      ocoAllowed: true,
      quoteOrderQtyMarketAllowed: true,
      isSpotTradingAllowed: true,
      isMarginTradingAllowed: false,
      filters: [Array],
      permissions: [Array]
    },
    type: 'spot',
    spot: true,
    margin: false,
    future: false,
    delivery: false,
    active: true,
    precision: { base: 8, quote: 8, amount: 0, price: 8 },
    limits: {
      amount: [Object],
      price: [Object],
      cost: [Object],
      market: [Object]
    }
  },
  {
    id: 'SNGLSETH',
    lowercaseId: 'snglseth',
    symbol: 'SNGLS/ETH',
    base: 'SNGLS',
    quote: 'ETH',
    baseId: 'SNGLS',
    quoteId: 'ETH',
    info: {
      symbol: 'SNGLSETH',
      status: 'BREAK',
      baseAsset: 'SNGLS',
      baseAssetPrecision: 8,
      quoteAsset: 'ETH',
      quotePrecision: 8,
      quoteAssetPrecision: 8,
      baseCommissionPrecision: 8,
      quoteCommissionPrecision: 8,
      orderTypes: [Array],
      icebergAllowed: true,
      ocoAllowed: true,
      quoteOrderQtyMarketAllowed: true,
      isSpotTradingAllowed: true,
      isMarginTradingAllowed: false,
      filters: [Array],
      permissions: [Array]
    },
    type: 'spot',
    spot: true,
    margin: false,
    future: false,
    delivery: false,
    active: false,
    precision: { base: 8, quote: 8, amount: 0, price: 8 },
    limits: {
      amount: [Object],
      price: [Object],
      cost: [Object],
      market: [Object]
    }
  },
  {
    id: 'BQXBTC',
    lowercaseId: 'bqxbtc',
    symbol: 'BQX/BTC',
    base: 'BQX',
    quote: 'BTC',
    baseId: 'BQX',
    quoteId: 'BTC',
    info: {
      symbol: 'BQXBTC',
      status: 'TRADING',
      baseAsset: 'BQX',
      baseAssetPrecision: 8,
      quoteAsset: 'BTC',
      quotePrecision: 8,
      quoteAssetPrecision: 8,
      baseCommissionPrecision: 8,
      quoteCommissionPrecision: 8,
      orderTypes: [Array],
      icebergAllowed: true,
      ocoAllowed: true,
      quoteOrderQtyMarketAllowed: true,
      isSpotTradingAllowed: true,
      isMarginTradingAllowed: false,
      filters: [Array],
      permissions: [Array]
    },
    type: 'spot',
    spot: true,
    margin: false,
    future: false,
    delivery: false,
    active: true,
    precision: { base: 8, quote: 8, amount: 0, price: 8 },
    limits: {
      amount: [Object],
      price: [Object],
      cost: [Object],
      market: [Object]
    }
  },
  {
    id: 'BQXETH',
    lowercaseId: 'bqxeth',
    symbol: 'BQX/ETH',
    base: 'BQX',
    quote: 'ETH',
    baseId: 'BQX',
    quoteId: 'ETH',
    info: {
      symbol: 'BQXETH',
      status: 'TRADING',
      baseAsset: 'BQX',
      baseAssetPrecision: 8,
      quoteAsset: 'ETH',
      quotePrecision: 8,
      quoteAssetPrecision: 8,
      baseCommissionPrecision: 8,
      quoteCommissionPrecision: 8,
      orderTypes: [Array],
      icebergAllowed: true,
      ocoAllowed: true,
      quoteOrderQtyMarketAllowed: true,
      isSpotTradingAllowed: true,
      isMarginTradingAllowed: false,
      filters: [Array],
      permissions: [Array]
    },
    type: 'spot',
    spot: true,
    margin: false,
    future: false,
    delivery: false,
    active: true,
    precision: { base: 8, quote: 8, amount: 0, price: 7 },
    limits: {
      amount: [Object],
      price: [Object],
      cost: [Object],
      market: [Object]
    }
  },
  {
    id: 'KNCBTC',
    lowercaseId: 'kncbtc',
    symbol: 'KNC/BTC',
    base: 'KNC',
    quote: 'BTC',
    baseId: 'KNC',
    quoteId: 'BTC',
    info: {
      symbol: 'KNCBTC',
      status: 'TRADING',
      baseAsset: 'KNC',
      baseAssetPrecision: 8,
      quoteAsset: 'BTC',
      quotePrecision: 8,
      quoteAssetPrecision: 8,
      baseCommissionPrecision: 8,
      quoteCommissionPrecision: 8,
      orderTypes: [Array],
      icebergAllowed: true,
      ocoAllowed: true,
      quoteOrderQtyMarketAllowed: true,
      isSpotTradingAllowed: true,
      isMarginTradingAllowed: true,
      filters: [Array],
      permissions: [Array]
    },
    type: 'spot',
    spot: true,
    margin: true,
    future: false,
    delivery: false,
    active: true,
    precision: { base: 8, quote: 8, amount: 0, price: 8 },
    limits: {
      amount: [Object],
      price: [Object],
      cost: [Object],
      market: [Object]
    }
  },
  {
    id: 'KNCETH',
    lowercaseId: 'knceth',
    symbol: 'KNC/ETH',
    base: 'KNC',
    quote: 'ETH',
    baseId: 'KNC',
    quoteId: 'ETH',
    info: {
      symbol: 'KNCETH',
      status: 'TRADING',
      baseAsset: 'KNC',
      baseAssetPrecision: 8,
      quoteAsset: 'ETH',
      quotePrecision: 8,
      quoteAssetPrecision: 8,
      baseCommissionPrecision: 8,
      quoteCommissionPrecision: 8,
      orderTypes: [Array],
      icebergAllowed: true,
      ocoAllowed: true,
      quoteOrderQtyMarketAllowed: true,
      isSpotTradingAllowed: true,
      isMarginTradingAllowed: false,
      filters: [Array],
      permissions: [Array]
    },
    type: 'spot',
    spot: true,
    margin: false,
    future: false,
    delivery: false,
    active: true,
    precision: { base: 8, quote: 8, amount: 0, price: 7 },
    limits: {
      amount: [Object],
      price: [Object],
      cost: [Object],
      market: [Object]
    }
  },
  {
    id: 'FUNBTC',
    lowercaseId: 'funbtc',
    symbol: 'FUN/BTC',
    base: 'FUN',
    quote: 'BTC',
    baseId: 'FUN',
    quoteId: 'BTC',
    info: {
      symbol: 'FUNBTC',
      status: 'TRADING',
      baseAsset: 'FUN',
      baseAssetPrecision: 8,
      quoteAsset: 'BTC',
      quotePrecision: 8,
      quoteAssetPrecision: 8,
      baseCommissionPrecision: 8,
      quoteCommissionPrecision: 8,
      orderTypes: [Array],
      icebergAllowed: true,
      ocoAllowed: true,
      quoteOrderQtyMarketAllowed: true,
      isSpotTradingAllowed: true,
      isMarginTradingAllowed: false,
      filters: [Array],
      permissions: [Array]
    },
    type: 'spot',
    spot: true,
    margin: false,
    future: false,
    delivery: false,
    active: true,
    precision: { base: 8, quote: 8, amount: 0, price: 8 },
    limits: {
      amount: [Object],
      price: [Object],
      cost: [Object],
      market: [Object]
    }
  },
  {
    id: 'FUNETH',
    lowercaseId: 'funeth',
    symbol: 'FUN/ETH',
    base: 'FUN',
    quote: 'ETH',
    baseId: 'FUN',
    quoteId: 'ETH',
    info: {
      symbol: 'FUNETH',
      status: 'TRADING',
      baseAsset: 'FUN',
      baseAssetPrecision: 8,
      quoteAsset: 'ETH',
      quotePrecision: 8,
      quoteAssetPrecision: 8,
      baseCommissionPrecision: 8,
      quoteCommissionPrecision: 8,
      orderTypes: [Array],
      icebergAllowed: true,
      ocoAllowed: true,
      quoteOrderQtyMarketAllowed: true,
      isSpotTradingAllowed: true,
      isMarginTradingAllowed: false,
      filters: [Array],
      permissions: [Array]
    },
    type: 'spot',
    spot: true,
    margin: false,
    future: false,
    delivery: false,
    active: true,
    precision: { base: 8, quote: 8, amount: 0, price: 8 },
    limits: {
      amount: [Object],
      price: [Object],
      cost: [Object],
      market: [Object]
    }
  },
  {
    id: 'SNMBTC',
    lowercaseId: 'snmbtc',
    symbol: 'SNM/BTC',
    base: 'SNM',
    quote: 'BTC',
    baseId: 'SNM',
    quoteId: 'BTC',
    info: {
      symbol: 'SNMBTC',
      status: 'TRADING',
      baseAsset: 'SNM',
      baseAssetPrecision: 8,
      quoteAsset: 'BTC',
      quotePrecision: 8,
      quoteAssetPrecision: 8,
      baseCommissionPrecision: 8,
      quoteCommissionPrecision: 8,
      orderTypes: [Array],
      icebergAllowed: true,
      ocoAllowed: true,
      quoteOrderQtyMarketAllowed: true,
      isSpotTradingAllowed: true,
      isMarginTradingAllowed: false,
      filters: [Array],
      permissions: [Array]
    },
    type: 'spot',
    spot: true,
    margin: false,
    future: false,
    delivery: false,
    active: true,
    precision: { base: 8, quote: 8, amount: 0, price: 8 },
    limits: {
      amount: [Object],
      price: [Object],
      cost: [Object],
      market: [Object]
    }
  },
  {
    id: 'SNMETH',
    lowercaseId: 'snmeth',
    symbol: 'SNM/ETH',
    base: 'SNM',
    quote: 'ETH',
    baseId: 'SNM',
    quoteId: 'ETH',
    info: {
      symbol: 'SNMETH',
      status: 'BREAK',
      baseAsset: 'SNM',
      baseAssetPrecision: 8,
      quoteAsset: 'ETH',
      quotePrecision: 8,
      quoteAssetPrecision: 8,
      baseCommissionPrecision: 8,
      quoteCommissionPrecision: 8,
      orderTypes: [Array],
      icebergAllowed: true,
      ocoAllowed: true,
      quoteOrderQtyMarketAllowed: true,
      isSpotTradingAllowed: true,
      isMarginTradingAllowed: false,
      filters: [Array],
      permissions: [Array]
    },
    type: 'spot',
    spot: true,
    margin: false,
    future: false,
    delivery: false,
    active: false,
    precision: { base: 8, quote: 8, amount: 0, price: 8 },
    limits: {
      amount: [Object],
      price: [Object],
      cost: [Object],
      market: [Object]
    }
  },
  {
    id: 'NEOETH',
    lowercaseId: 'neoeth',
    symbol: 'NEO/ETH',
    base: 'NEO',
    quote: 'ETH',
    baseId: 'NEO',
    quoteId: 'ETH',
    info: {
      symbol: 'NEOETH',
      status: 'TRADING',
      baseAsset: 'NEO',
      baseAssetPrecision: 8,
      quoteAsset: 'ETH',
      quotePrecision: 8,
      quoteAssetPrecision: 8,
      baseCommissionPrecision: 8,
      quoteCommissionPrecision: 8,
      orderTypes: [Array],
      icebergAllowed: true,
      ocoAllowed: true,
      quoteOrderQtyMarketAllowed: true,
      isSpotTradingAllowed: true,
      isMarginTradingAllowed: false,
      filters: [Array],
      permissions: [Array]
    },
    type: 'spot',
    spot: true,
    margin: false,
    future: false,
    delivery: false,
    active: true,
    precision: { base: 8, quote: 8, amount: 2, price: 6 },
    limits: {
      amount: [Object],
      price: [Object],
      cost: [Object],
      market: [Object]
    }
  },
  {
    id: 'IOTABTC',
    lowercaseId: 'iotabtc',
    symbol: 'IOTA/BTC',
    base: 'IOTA',
    quote: 'BTC',
    baseId: 'IOTA',
    quoteId: 'BTC',
    info: {
      symbol: 'IOTABTC',
      status: 'TRADING',
      baseAsset: 'IOTA',
      baseAssetPrecision: 8,
      quoteAsset: 'BTC',
      quotePrecision: 8,
      quoteAssetPrecision: 8,
      baseCommissionPrecision: 8,
      quoteCommissionPrecision: 8,
      orderTypes: [Array],
      icebergAllowed: true,
      ocoAllowed: true,
      quoteOrderQtyMarketAllowed: true,
      isSpotTradingAllowed: true,
      isMarginTradingAllowed: true,
      filters: [Array],
      permissions: [Array]
    },
    type: 'spot',
    spot: true,
    margin: true,
    future: false,
    delivery: false,
    active: true,
    precision: { base: 8, quote: 8, amount: 0, price: 8 },
    limits: {
      amount: [Object],
      price: [Object],
      cost: [Object],
      market: [Object]
    }
  },
  {
    id: 'IOTAETH',
    lowercaseId: 'iotaeth',
    symbol: 'IOTA/ETH',
    base: 'IOTA',
    quote: 'ETH',
    baseId: 'IOTA',
    quoteId: 'ETH',
    info: {
      symbol: 'IOTAETH',
      status: 'TRADING',
      baseAsset: 'IOTA',
      baseAssetPrecision: 8,
      quoteAsset: 'ETH',
      quotePrecision: 8,
      quoteAssetPrecision: 8,
      baseCommissionPrecision: 8,
      quoteCommissionPrecision: 8,
      orderTypes: [Array],
      icebergAllowed: true,
      ocoAllowed: true,
      quoteOrderQtyMarketAllowed: true,
      isSpotTradingAllowed: true,
      isMarginTradingAllowed: false,
      filters: [Array],
      permissions: [Array]
    },
    type: 'spot',
    spot: true,
    margin: false,
    future: false,
    delivery: false,
    active: true,
    precision: { base: 8, quote: 8, amount: 0, price: 8 },
    limits: {
      amount: [Object],
      price: [Object],
      cost: [Object],
      market: [Object]
    }
  },
  {
    id: 'LINKBTC',
    lowercaseId: 'linkbtc',
    symbol: 'LINK/BTC',
    base: 'LINK',
    quote: 'BTC',
    baseId: 'LINK',
    quoteId: 'BTC',
    info: {
      symbol: 'LINKBTC',
      status: 'TRADING',
      baseAsset: 'LINK',
      baseAssetPrecision: 8,
      quoteAsset: 'BTC',
      quotePrecision: 8,
      quoteAssetPrecision: 8,
      baseCommissionPrecision: 8,
      quoteCommissionPrecision: 8,
      orderTypes: [Array],
      icebergAllowed: true,
      ocoAllowed: true,
      quoteOrderQtyMarketAllowed: true,
      isSpotTradingAllowed: true,
      isMarginTradingAllowed: true,
      filters: [Array],
      permissions: [Array]
    },
    type: 'spot',
    spot: true,
    margin: true,
    future: false,
    delivery: false,
    active: true,
    precision: { base: 8, quote: 8, amount: 1, price: 8 },
    limits: {
      amount: [Object],
      price: [Object],
      cost: [Object],
      market: [Object]
    }
  },
  {
    id: 'LINKETH',
    lowercaseId: 'linketh',
    symbol: 'LINK/ETH',
    base: 'LINK',
    quote: 'ETH',
    baseId: 'LINK',
    quoteId: 'ETH',
    info: {
      symbol: 'LINKETH',
      status: 'TRADING',
      baseAsset: 'LINK',
      baseAssetPrecision: 8,
      quoteAsset: 'ETH',
      quotePrecision: 8,
      quoteAssetPrecision: 8,
      baseCommissionPrecision: 8,
      quoteCommissionPrecision: 8,
      orderTypes: [Array],
      icebergAllowed: true,
      ocoAllowed: true,
      quoteOrderQtyMarketAllowed: true,
      isSpotTradingAllowed: true,
      isMarginTradingAllowed: true,
      filters: [Array],
      permissions: [Array]
    },
    type: 'spot',
    spot: true,
    margin: true,
    future: false,
    delivery: false,
    active: true,
    precision: { base: 8, quote: 8, amount: 2, price: 6 },
    limits: {
      amount: [Object],
      price: [Object],
      cost: [Object],
      market: [Object]
    }
  },
  {
    id: 'XVGBTC',
    lowercaseId: 'xvgbtc',
    symbol: 'XVG/BTC',
    base: 'XVG',
    quote: 'BTC',
    baseId: 'XVG',
    quoteId: 'BTC',
    info: {
      symbol: 'XVGBTC',
      status: 'TRADING',
      baseAsset: 'XVG',
      baseAssetPrecision: 8,
      quoteAsset: 'BTC',
      quotePrecision: 8,
      quoteAssetPrecision: 8,
      baseCommissionPrecision: 8,
      quoteCommissionPrecision: 8,
      orderTypes: [Array],
      icebergAllowed: true,
      ocoAllowed: true,
      quoteOrderQtyMarketAllowed: true,
      isSpotTradingAllowed: true,
      isMarginTradingAllowed: false,
      filters: [Array],
      permissions: [Array]
    },
    type: 'spot',
    spot: true,
    margin: false,
    future: false,
    delivery: false,
    active: true,
    precision: { base: 8, quote: 8, amount: 0, price: 8 },
    limits: {
      amount: [Object],
      price: [Object],
      cost: [Object],
      market: [Object]
    }
  },
  {
    id: 'XVGETH',
    lowercaseId: 'xvgeth',
    symbol: 'XVG/ETH',
    base: 'XVG',
    quote: 'ETH',
    baseId: 'XVG',
    quoteId: 'ETH',
    info: {
      symbol: 'XVGETH',
      status: 'TRADING',
      baseAsset: 'XVG',
      baseAssetPrecision: 8,
      quoteAsset: 'ETH',
      quotePrecision: 8,
      quoteAssetPrecision: 8,
      baseCommissionPrecision: 8,
      quoteCommissionPrecision: 8,
      orderTypes: [Array],
      icebergAllowed: true,
      ocoAllowed: true,
      quoteOrderQtyMarketAllowed: true,
      isSpotTradingAllowed: true,
      isMarginTradingAllowed: false,
      filters: [Array],
      permissions: [Array]
    },
    type: 'spot',
    spot: true,
    margin: false,
    future: false,
    delivery: false,
    active: true,
    precision: { base: 8, quote: 8, amount: 0, price: 8 },
    limits: {
      amount: [Object],
      price: [Object],
      cost: [Object],
      market: [Object]
    }
  },
  {
    id: 'SALTBTC',
    lowercaseId: 'saltbtc',
    symbol: 'SALT/BTC',
    base: 'SALT',
    quote: 'BTC',
    baseId: 'SALT',
    quoteId: 'BTC',
    info: {
      symbol: 'SALTBTC',
      status: 'BREAK',
      baseAsset: 'SALT',
      baseAssetPrecision: 8,
      quoteAsset: 'BTC',
      quotePrecision: 8,
      quoteAssetPrecision: 8,
      baseCommissionPrecision: 8,
      quoteCommissionPrecision: 8,
      orderTypes: [Array],
      icebergAllowed: true,
      ocoAllowed: true,
      quoteOrderQtyMarketAllowed: true,
      isSpotTradingAllowed: true,
      isMarginTradingAllowed: false,
      filters: [Array],
      permissions: [Array]
    },
    type: 'spot',
    spot: true,
    margin: false,
    future: false,
    delivery: false,
    active: false,
    precision: { base: 8, quote: 8, amount: 2, price: 7 },
    limits: { amount: [Object], price: [Object], cost: [Object] }
  },
  {
    id: 'SALTETH',
    lowercaseId: 'salteth',
    symbol: 'SALT/ETH',
    base: 'SALT',
    quote: 'ETH',
    baseId: 'SALT',
    quoteId: 'ETH',
    info: {
      symbol: 'SALTETH',
      status: 'BREAK',
      baseAsset: 'SALT',
      baseAssetPrecision: 8,
      quoteAsset: 'ETH',
      quotePrecision: 8,
      quoteAssetPrecision: 8,
      baseCommissionPrecision: 8,
      quoteCommissionPrecision: 8,
      orderTypes: [Array],
      icebergAllowed: true,
      ocoAllowed: true,
      quoteOrderQtyMarketAllowed: true,
      isSpotTradingAllowed: true,
      isMarginTradingAllowed: false,
      filters: [Array],
      permissions: [Array]
    },
    type: 'spot',
    spot: true,
    margin: false,
    future: false,
    delivery: false,
    active: false,
    precision: { base: 8, quote: 8, amount: 2, price: 6 },
    limits: { amount: [Object], price: [Object], cost: [Object] }
  },
  {
    id: 'MDABTC',
    lowercaseId: 'mdabtc',
    symbol: 'MDA/BTC',
    base: 'MDA',
    quote: 'BTC',
    baseId: 'MDA',
    quoteId: 'BTC',
    info: {
      symbol: 'MDABTC',
      status: 'TRADING',
      baseAsset: 'MDA',
      baseAssetPrecision: 8,
      quoteAsset: 'BTC',
      quotePrecision: 8,
      quoteAssetPrecision: 8,
      baseCommissionPrecision: 8,
      quoteCommissionPrecision: 8,
      orderTypes: [Array],
      icebergAllowed: true,
      ocoAllowed: true,
      quoteOrderQtyMarketAllowed: true,
      isSpotTradingAllowed: true,
      isMarginTradingAllowed: false,
      filters: [Array],
      permissions: [Array]
    },
    type: 'spot',
    spot: true,
    margin: false,
    future: false,
    delivery: false,
    active: true,
    precision: { base: 8, quote: 8, amount: 0, price: 8 },
    limits: {
      amount: [Object],
      price: [Object],
      cost: [Object],
      market: [Object]
    }
  },
  {
    id: 'MDAETH',
    lowercaseId: 'mdaeth',
    symbol: 'MDA/ETH',
    base: 'MDA',
    quote: 'ETH',
    baseId: 'MDA',
    quoteId: 'ETH',
    info: {
      symbol: 'MDAETH',
      status: 'BREAK',
      baseAsset: 'MDA',
      baseAssetPrecision: 8,
      quoteAsset: 'ETH',
      quotePrecision: 8,
      quoteAssetPrecision: 8,
      baseCommissionPrecision: 8,
      quoteCommissionPrecision: 8,
      orderTypes: [Array],
      icebergAllowed: true,
      ocoAllowed: true,
      quoteOrderQtyMarketAllowed: true,
      isSpotTradingAllowed: true,
      isMarginTradingAllowed: false,
      filters: [Array],
      permissions: [Array]
    },
    type: 'spot',
    spot: true,
    margin: false,
    future: false,
    delivery: false,
    active: false,
    precision: { base: 8, quote: 8, amount: 0, price: 7 },
    limits: {
      amount: [Object],
      price: [Object],
      cost: [Object],
      market: [Object]
    }
  },
  {
    id: 'MTLBTC',
    lowercaseId: 'mtlbtc',
    symbol: 'MTL/BTC',
    base: 'MTL',
    quote: 'BTC',
    baseId: 'MTL',
    quoteId: 'BTC',
    info: {
      symbol: 'MTLBTC',
      status: 'TRADING',
      baseAsset: 'MTL',
      baseAssetPrecision: 8,
      quoteAsset: 'BTC',
      quotePrecision: 8,
      quoteAssetPrecision: 8,
      baseCommissionPrecision: 8,
      quoteCommissionPrecision: 8,
      orderTypes: [Array],
      icebergAllowed: true,
      ocoAllowed: true,
      quoteOrderQtyMarketAllowed: true,
      isSpotTradingAllowed: true,
      isMarginTradingAllowed: false,
      filters: [Array],
      permissions: [Array]
    },
    type: 'spot',
    spot: true,
    margin: false,
    future: false,
    delivery: false,
    active: true,
    precision: { base: 8, quote: 8, amount: 0, price: 8 },
    limits: {
      amount: [Object],
      price: [Object],
      cost: [Object],
      market: [Object]
    }
  },
  {
    id: 'MTLETH',
    lowercaseId: 'mtleth',
    symbol: 'MTL/ETH',
    base: 'MTL',
    quote: 'ETH',
    baseId: 'MTL',
    quoteId: 'ETH',
    info: {
      symbol: 'MTLETH',
      status: 'TRADING',
      baseAsset: 'MTL',
      baseAssetPrecision: 8,
      quoteAsset: 'ETH',
      quotePrecision: 8,
      quoteAssetPrecision: 8,
      baseCommissionPrecision: 8,
      quoteCommissionPrecision: 8,
      orderTypes: [Array],
      icebergAllowed: true,
      ocoAllowed: true,
      quoteOrderQtyMarketAllowed: true,
      isSpotTradingAllowed: true,
      isMarginTradingAllowed: false,
      filters: [Array],
      permissions: [Array]
    },
    type: 'spot',
    spot: true,
    margin: false,
    future: false,
    delivery: false,
    active: true,
    precision: { base: 8, quote: 8, amount: 2, price: 6 },
    limits: {
      amount: [Object],
      price: [Object],
      cost: [Object],
      market: [Object]
    }
  },
  {
    id: 'SUBBTC',
    lowercaseId: 'subbtc',
    symbol: 'SUB/BTC',
    base: 'SUB',
    quote: 'BTC',
    baseId: 'SUB',
    quoteId: 'BTC',
    info: {
      symbol: 'SUBBTC',
      status: 'BREAK',
      baseAsset: 'SUB',
      baseAssetPrecision: 8,
      quoteAsset: 'BTC',
      quotePrecision: 8,
      quoteAssetPrecision: 8,
      baseCommissionPrecision: 8,
      quoteCommissionPrecision: 8,
      orderTypes: [Array],
      icebergAllowed: true,
      ocoAllowed: true,
      quoteOrderQtyMarketAllowed: true,
      isSpotTradingAllowed: true,
      isMarginTradingAllowed: false,
      filters: [Array],
      permissions: [Array]
    },
    type: 'spot',
    spot: true,
    margin: false,
    future: false,
    delivery: false,
    active: false,
    precision: { base: 8, quote: 8, amount: 0, price: 8 },
    limits: { amount: [Object], price: [Object], cost: [Object] }
  },
  {
    id: 'SUBETH',
    lowercaseId: 'subeth',
    symbol: 'SUB/ETH',
    base: 'SUB',
    quote: 'ETH',
    baseId: 'SUB',
    quoteId: 'ETH',
    info: {
      symbol: 'SUBETH',
      status: 'BREAK',
      baseAsset: 'SUB',
      baseAssetPrecision: 8,
      quoteAsset: 'ETH',
      quotePrecision: 8,
      quoteAssetPrecision: 8,
      baseCommissionPrecision: 8,
      quoteCommissionPrecision: 8,
      orderTypes: [Array],
      icebergAllowed: true,
      ocoAllowed: true,
      quoteOrderQtyMarketAllowed: true,
      isSpotTradingAllowed: true,
      isMarginTradingAllowed: false,
      filters: [Array],
      permissions: [Array]
    },
    type: 'spot',
    spot: true,
    margin: false,
    future: false,
    delivery: false,
    active: false,
    precision: { base: 8, quote: 8, amount: 0, price: 8 },
    limits: { amount: [Object], price: [Object], cost: [Object] }
  },
  {
    id: 'EOSBTC',
    lowercaseId: 'eosbtc',
    symbol: 'EOS/BTC',
    base: 'EOS',
    quote: 'BTC',
    baseId: 'EOS',
    quoteId: 'BTC',
    info: {
      symbol: 'EOSBTC',
      status: 'TRADING',
      baseAsset: 'EOS',
      baseAssetPrecision: 8,
      quoteAsset: 'BTC',
      quotePrecision: 8,
      quoteAssetPrecision: 8,
      baseCommissionPrecision: 8,
      quoteCommissionPrecision: 8,
      orderTypes: [Array],
      icebergAllowed: true,
      ocoAllowed: true,
      quoteOrderQtyMarketAllowed: true,
      isSpotTradingAllowed: true,
      isMarginTradingAllowed: true,
      filters: [Array],
      permissions: [Array]
    },
    type: 'spot',
    spot: true,
    margin: true,
    future: false,
    delivery: false,
    active: true,
    precision: { base: 8, quote: 8, amount: 2, price: 7 },
    limits: {
      amount: [Object],
      price: [Object],
      cost: [Object],
      market: [Object]
    }
  },
  {
    id: 'SNTBTC',
    lowercaseId: 'sntbtc',
    symbol: 'SNT/BTC',
    base: 'SNT',
    quote: 'BTC',
    baseId: 'SNT',
    quoteId: 'BTC',
    info: {
      symbol: 'SNTBTC',
      status: 'TRADING',
      baseAsset: 'SNT',
      baseAssetPrecision: 8,
      quoteAsset: 'BTC',
      quotePrecision: 8,
      quoteAssetPrecision: 8,
      baseCommissionPrecision: 8,
      quoteCommissionPrecision: 8,
      orderTypes: [Array],
      icebergAllowed: true,
      ocoAllowed: true,
      quoteOrderQtyMarketAllowed: true,
      isSpotTradingAllowed: true,
      isMarginTradingAllowed: false,
      filters: [Array],
      permissions: [Array]
    },
    type: 'spot',
    spot: true,
    margin: false,
    future: false,
    delivery: false,
    active: true,
    precision: { base: 8, quote: 8, amount: 0, price: 8 },
    limits: {
      amount: [Object],
      price: [Object],
      cost: [Object],
      market: [Object]
    }
  },
  {
    id: 'ETCETH',
    lowercaseId: 'etceth',
    symbol: 'ETC/ETH',
    base: 'ETC',
    quote: 'ETH',
    baseId: 'ETC',
    quoteId: 'ETH',
    info: {
      symbol: 'ETCETH',
      status: 'TRADING',
      baseAsset: 'ETC',
      baseAssetPrecision: 8,
      quoteAsset: 'ETH',
      quotePrecision: 8,
      quoteAssetPrecision: 8,
      baseCommissionPrecision: 8,
      quoteCommissionPrecision: 8,
      orderTypes: [Array],
      icebergAllowed: true,
      ocoAllowed: true,
      quoteOrderQtyMarketAllowed: true,
      isSpotTradingAllowed: true,
      isMarginTradingAllowed: false,
      filters: [Array],
      permissions: [Array]
    },
    type: 'spot',
    spot: true,
    margin: false,
    future: false,
    delivery: false,
    active: true,
    precision: { base: 8, quote: 8, amount: 2, price: 6 },
    limits: {
      amount: [Object],
      price: [Object],
      cost: [Object],
      market: [Object]
    }
  },
  {
    id: 'ETCBTC',
    lowercaseId: 'etcbtc',
    symbol: 'ETC/BTC',
    base: 'ETC',
    quote: 'BTC',
    baseId: 'ETC',
    quoteId: 'BTC',
    info: {
      symbol: 'ETCBTC',
      status: 'TRADING',
      baseAsset: 'ETC',
      baseAssetPrecision: 8,
      quoteAsset: 'BTC',
      quotePrecision: 8,
      quoteAssetPrecision: 8,
      baseCommissionPrecision: 8,
      quoteCommissionPrecision: 8,
      orderTypes: [Array],
      icebergAllowed: true,
      ocoAllowed: true,
      quoteOrderQtyMarketAllowed: true,
      isSpotTradingAllowed: true,
      isMarginTradingAllowed: true,
      filters: [Array],
      permissions: [Array]
    },
    type: 'spot',
    spot: true,
    margin: true,
    future: false,
    delivery: false,
    active: true,
    precision: { base: 8, quote: 8, amount: 2, price: 7 },
    limits: {
      amount: [Object],
      price: [Object],
      cost: [Object],
      market: [Object]
    }
  },
  {
    id: 'MTHBTC',
    lowercaseId: 'mthbtc',
    symbol: 'MTH/BTC',
    base: 'MTH',
    quote: 'BTC',
    baseId: 'MTH',
    quoteId: 'BTC',
    info: {
      symbol: 'MTHBTC',
      status: 'TRADING',
      baseAsset: 'MTH',
      baseAssetPrecision: 8,
      quoteAsset: 'BTC',
      quotePrecision: 8,
      quoteAssetPrecision: 8,
      baseCommissionPrecision: 8,
      quoteCommissionPrecision: 8,
      orderTypes: [Array],
      icebergAllowed: true,
      ocoAllowed: true,
      quoteOrderQtyMarketAllowed: true,
      isSpotTradingAllowed: true,
      isMarginTradingAllowed: false,
      filters: [Array],
      permissions: [Array]
    },
    type: 'spot',
    spot: true,
    margin: false,
    future: false,
    delivery: false,
    active: true,
    precision: { base: 8, quote: 8, amount: 0, price: 8 },
    limits: {
      amount: [Object],
      price: [Object],
      cost: [Object],
      market: [Object]
    }
  },
  {
    id: 'MTHETH',
    lowercaseId: 'mtheth',
    symbol: 'MTH/ETH',
    base: 'MTH',
    quote: 'ETH',
    baseId: 'MTH',
    quoteId: 'ETH',
    info: {
      symbol: 'MTHETH',
      status: 'BREAK',
      baseAsset: 'MTH',
      baseAssetPrecision: 8,
      quoteAsset: 'ETH',
      quotePrecision: 8,
      quoteAssetPrecision: 8,
      baseCommissionPrecision: 8,
      quoteCommissionPrecision: 8,
      orderTypes: [Array],
      icebergAllowed: true,
      ocoAllowed: true,
      quoteOrderQtyMarketAllowed: true,
      isSpotTradingAllowed: true,
      isMarginTradingAllowed: false,
      filters: [Array],
      permissions: [Array]
    },
    type: 'spot',
    spot: true,
    margin: false,
    future: false,
    delivery: false,
    active: false,
    precision: { base: 8, quote: 8, amount: 0, price: 8 },
    limits: {
      amount: [Object],
      price: [Object],
      cost: [Object],
      market: [Object]
    }
  },
  {
    id: 'ENGBTC',
    lowercaseId: 'engbtc',
    symbol: 'ENG/BTC',
    base: 'ENG',
    quote: 'BTC',
    baseId: 'ENG',
    quoteId: 'BTC',
    info: {
      symbol: 'ENGBTC',
      status: 'BREAK',
      baseAsset: 'ENG',
      baseAssetPrecision: 8,
      quoteAsset: 'BTC',
      quotePrecision: 8,
      quoteAssetPrecision: 8,
      baseCommissionPrecision: 8,
      quoteCommissionPrecision: 8,
      orderTypes: [Array],
      icebergAllowed: true,
      ocoAllowed: true,
      quoteOrderQtyMarketAllowed: true,
      isSpotTradingAllowed: true,
      isMarginTradingAllowed: false,
      filters: [Array],
      permissions: [Array]
    },
    type: 'spot',
    spot: true,
    margin: false,
    future: false,
    delivery: false,
    active: false,
    precision: { base: 8, quote: 8, amount: 0, price: 8 },
    limits: {
      amount: [Object],
      price: [Object],
      cost: [Object],
      market: [Object]
    }
  },
  {
    id: 'ENGETH',
    lowercaseId: 'engeth',
    symbol: 'ENG/ETH',
    base: 'ENG',
    quote: 'ETH',
    baseId: 'ENG',
    quoteId: 'ETH',
    info: {
      symbol: 'ENGETH',
      status: 'BREAK',
      baseAsset: 'ENG',
      baseAssetPrecision: 8,
      quoteAsset: 'ETH',
      quotePrecision: 8,
      quoteAssetPrecision: 8,
      baseCommissionPrecision: 8,
      quoteCommissionPrecision: 8,
      orderTypes: [Array],
      icebergAllowed: true,
      ocoAllowed: true,
      quoteOrderQtyMarketAllowed: true,
      isSpotTradingAllowed: true,
      isMarginTradingAllowed: false,
      filters: [Array],
      permissions: [Array]
    },
    type: 'spot',
    spot: true,
    margin: false,
    future: false,
    delivery: false,
    active: false,
    precision: { base: 8, quote: 8, amount: 0, price: 7 },
    limits: {
      amount: [Object],
      price: [Object],
      cost: [Object],
      market: [Object]
    }
  },
  {
    id: 'DNTBTC',
    lowercaseId: 'dntbtc',
    symbol: 'DNT/BTC',
    base: 'DNT',
    quote: 'BTC',
    baseId: 'DNT',
    quoteId: 'BTC',
    info: {
      symbol: 'DNTBTC',
      status: 'TRADING',
      baseAsset: 'DNT',
      baseAssetPrecision: 8,
      quoteAsset: 'BTC',
      quotePrecision: 8,
      quoteAssetPrecision: 8,
      baseCommissionPrecision: 8,
      quoteCommissionPrecision: 8,
      orderTypes: [Array],
      icebergAllowed: true,
      ocoAllowed: true,
      quoteOrderQtyMarketAllowed: true,
      isSpotTradingAllowed: true,
      isMarginTradingAllowed: true,
      filters: [Array],
      permissions: [Array]
    },
    type: 'spot',
    spot: true,
    margin: true,
    future: false,
    delivery: false,
    active: true,
    precision: { base: 8, quote: 8, amount: 0, price: 8 },
    limits: {
      amount: [Object],
      price: [Object],
      cost: [Object],
      market: [Object]
    }
  },
  {
    id: 'ZECBTC',
    lowercaseId: 'zecbtc',
    symbol: 'ZEC/BTC',
    base: 'ZEC',
    quote: 'BTC',
    baseId: 'ZEC',
    quoteId: 'BTC',
    info: {
      symbol: 'ZECBTC',
      status: 'TRADING',
      baseAsset: 'ZEC',
      baseAssetPrecision: 8,
      quoteAsset: 'BTC',
      quotePrecision: 8,
      quoteAssetPrecision: 8,
      baseCommissionPrecision: 8,
      quoteCommissionPrecision: 8,
      orderTypes: [Array],
      icebergAllowed: true,
      ocoAllowed: true,
      quoteOrderQtyMarketAllowed: true,
      isSpotTradingAllowed: true,
      isMarginTradingAllowed: true,
      filters: [Array],
      permissions: [Array]
    },
    type: 'spot',
    spot: true,
    margin: true,
    future: false,
    delivery: false,
    active: true,
    precision: { base: 8, quote: 8, amount: 3, price: 6 },
    limits: {
      amount: [Object],
      price: [Object],
      cost: [Object],
      market: [Object]
    }
  },
  {
    id: 'ZECETH',
    lowercaseId: 'zeceth',
    symbol: 'ZEC/ETH',
    base: 'ZEC',
    quote: 'ETH',
    baseId: 'ZEC',
    quoteId: 'ETH',
    info: {
      symbol: 'ZECETH',
      status: 'TRADING',
      baseAsset: 'ZEC',
      baseAssetPrecision: 8,
      quoteAsset: 'ETH',
      quotePrecision: 8,
      quoteAssetPrecision: 8,
      baseCommissionPrecision: 8,
      quoteCommissionPrecision: 8,
      orderTypes: [Array],
      icebergAllowed: true,
      ocoAllowed: true,
      quoteOrderQtyMarketAllowed: true,
      isSpotTradingAllowed: true,
      isMarginTradingAllowed: false,
      filters: [Array],
      permissions: [Array]
    },
    type: 'spot',
    spot: true,
    margin: false,
    future: false,
    delivery: false,
    active: true,
    precision: { base: 8, quote: 8, amount: 3, price: 5 },
    limits: {
      amount: [Object],
      price: [Object],
      cost: [Object],
      market: [Object]
    }
  },
  {
    id: 'BNTBTC',
    lowercaseId: 'bntbtc',
    symbol: 'BNT/BTC',
    base: 'BNT',
    quote: 'BTC',
    baseId: 'BNT',
    quoteId: 'BTC',
    info: {
      symbol: 'BNTBTC',
      status: 'TRADING',
      baseAsset: 'BNT',
      baseAssetPrecision: 8,
      quoteAsset: 'BTC',
      quotePrecision: 8,
      quoteAssetPrecision: 8,
      baseCommissionPrecision: 8,
      quoteCommissionPrecision: 8,
      orderTypes: [Array],
      icebergAllowed: true,
      ocoAllowed: true,
      quoteOrderQtyMarketAllowed: true,
      isSpotTradingAllowed: true,
      isMarginTradingAllowed: true,
      filters: [Array],
      permissions: [Array]
    },
    type: 'spot',
    spot: true,
    margin: true,
    future: false,
    delivery: false,
    active: true,
    precision: { base: 8, quote: 8, amount: 0, price: 8 },
    limits: {
      amount: [Object],
      price: [Object],
      cost: [Object],
      market: [Object]
    }
  },
  {
    id: 'ASTBTC',
    lowercaseId: 'astbtc',
    symbol: 'AST/BTC',
    base: 'AST',
    quote: 'BTC',
    baseId: 'AST',
    quoteId: 'BTC',
    info: {
      symbol: 'ASTBTC',
      status: 'TRADING',
      baseAsset: 'AST',
      baseAssetPrecision: 8,
      quoteAsset: 'BTC',
      quotePrecision: 8,
      quoteAssetPrecision: 8,
      baseCommissionPrecision: 8,
      quoteCommissionPrecision: 8,
      orderTypes: [Array],
      icebergAllowed: true,
      ocoAllowed: true,
      quoteOrderQtyMarketAllowed: true,
      isSpotTradingAllowed: true,
      isMarginTradingAllowed: false,
      filters: [Array],
      permissions: [Array]
    },
    type: 'spot',
    spot: true,
    margin: false,
    future: false,
    delivery: false,
    active: true,
    precision: { base: 8, quote: 8, amount: 0, price: 8 },
    limits: {
      amount: [Object],
      price: [Object],
      cost: [Object],
      market: [Object]
    }
  },
  {
    id: 'ASTETH',
    lowercaseId: 'asteth',
    symbol: 'AST/ETH',
    base: 'AST',
    quote: 'ETH',
    baseId: 'AST',
    quoteId: 'ETH',
    info: {
      symbol: 'ASTETH',
      status: 'BREAK',
      baseAsset: 'AST',
      baseAssetPrecision: 8,
      quoteAsset: 'ETH',
      quotePrecision: 8,
      quoteAssetPrecision: 8,
      baseCommissionPrecision: 8,
      quoteCommissionPrecision: 8,
      orderTypes: [Array],
      icebergAllowed: true,
      ocoAllowed: true,
      quoteOrderQtyMarketAllowed: true,
      isSpotTradingAllowed: true,
      isMarginTradingAllowed: false,
      filters: [Array],
      permissions: [Array]
    },
    type: 'spot',
    spot: true,
    margin: false,
    future: false,
    delivery: false,
    active: false,
    precision: { base: 8, quote: 8, amount: 0, price: 7 },
    limits: {
      amount: [Object],
      price: [Object],
      cost: [Object],
      market: [Object]
    }
  },
  {
    id: 'DASHBTC',
    lowercaseId: 'dashbtc',
    symbol: 'DASH/BTC',
    base: 'DASH',
    quote: 'BTC',
    baseId: 'DASH',
    quoteId: 'BTC',
    info: {
      symbol: 'DASHBTC',
      status: 'TRADING',
      baseAsset: 'DASH',
      baseAssetPrecision: 8,
      quoteAsset: 'BTC',
      quotePrecision: 8,
      quoteAssetPrecision: 8,
      baseCommissionPrecision: 8,
      quoteCommissionPrecision: 8,
      orderTypes: [Array],
      icebergAllowed: true,
      ocoAllowed: true,
      quoteOrderQtyMarketAllowed: true,
      isSpotTradingAllowed: true,
      isMarginTradingAllowed: true,
      filters: [Array],
      permissions: [Array]
    },
    type: 'spot',
    spot: true,
    margin: true,
    future: false,
    delivery: false,
    active: true,
    precision: { base: 8, quote: 8, amount: 3, price: 6 },
    limits: {
      amount: [Object],
      price: [Object],
      cost: [Object],
      market: [Object]
    }
  },
  {
    id: 'DASHETH',
    lowercaseId: 'dasheth',
    symbol: 'DASH/ETH',
    base: 'DASH',
    quote: 'ETH',
    baseId: 'DASH',
    quoteId: 'ETH',
    info: {
      symbol: 'DASHETH',
      status: 'TRADING',
      baseAsset: 'DASH',
      baseAssetPrecision: 8,
      quoteAsset: 'ETH',
      quotePrecision: 8,
      quoteAssetPrecision: 8,
      baseCommissionPrecision: 8,
      quoteCommissionPrecision: 8,
      orderTypes: [Array],
      icebergAllowed: true,
      ocoAllowed: true,
      quoteOrderQtyMarketAllowed: true,
      isSpotTradingAllowed: true,
      isMarginTradingAllowed: false,
      filters: [Array],
      permissions: [Array]
    },
    type: 'spot',
    spot: true,
    margin: false,
    future: false,
    delivery: false,
    active: true,
    precision: { base: 8, quote: 8, amount: 3, price: 5 },
    limits: {
      amount: [Object],
      price: [Object],
      cost: [Object],
      market: [Object]
    }
  },
  {
    id: 'OAXBTC',
    lowercaseId: 'oaxbtc',
    symbol: 'OAX/BTC',
    base: 'OAX',
    quote: 'BTC',
    baseId: 'OAX',
    quoteId: 'BTC',
    info: {
      symbol: 'OAXBTC',
      status: 'TRADING',
      baseAsset: 'OAX',
      baseAssetPrecision: 8,
      quoteAsset: 'BTC',
      quotePrecision: 8,
      quoteAssetPrecision: 8,
      baseCommissionPrecision: 8,
      quoteCommissionPrecision: 8,
      orderTypes: [Array],
      icebergAllowed: true,
      ocoAllowed: true,
      quoteOrderQtyMarketAllowed: true,
      isSpotTradingAllowed: true,
      isMarginTradingAllowed: false,
      filters: [Array],
      permissions: [Array]
    },
    type: 'spot',
    spot: true,
    margin: false,
    future: false,
    delivery: false,
    active: true,
    precision: { base: 8, quote: 8, amount: 0, price: 8 },
    limits: {
      amount: [Object],
      price: [Object],
      cost: [Object],
      market: [Object]
    }
  },
  {
    id: 'ICNBTC',
    lowercaseId: 'icnbtc',
    symbol: 'ICN/BTC',
    base: 'ICN',
    quote: 'BTC',
    baseId: 'ICN',
    quoteId: 'BTC',
    info: {
      symbol: 'ICNBTC',
      status: 'BREAK',
      baseAsset: 'ICN',
      baseAssetPrecision: 8,
      quoteAsset: 'BTC',
      quotePrecision: 8,
      quoteAssetPrecision: 8,
      baseCommissionPrecision: 8,
      quoteCommissionPrecision: 8,
      orderTypes: [Array],
      icebergAllowed: true,
      ocoAllowed: true,
      quoteOrderQtyMarketAllowed: true,
      isSpotTradingAllowed: true,
      isMarginTradingAllowed: false,
      filters: [Array],
      permissions: [Array]
    },
    type: 'spot',
    spot: true,
    margin: false,
    future: false,
    delivery: false,
    active: false,
    precision: { base: 8, quote: 8, amount: 0, price: 8 },
    limits: { amount: [Object], price: [Object], cost: [Object] }
  },
  {
    id: 'BTGBTC',
    lowercaseId: 'btgbtc',
    symbol: 'BTG/BTC',
    base: 'BTG',
    quote: 'BTC',
    baseId: 'BTG',
    quoteId: 'BTC',
    info: {
      symbol: 'BTGBTC',
      status: 'TRADING',
      baseAsset: 'BTG',
      baseAssetPrecision: 8,
      quoteAsset: 'BTC',
      quotePrecision: 8,
      quoteAssetPrecision: 8,
      baseCommissionPrecision: 8,
      quoteCommissionPrecision: 8,
      orderTypes: [Array],
      icebergAllowed: true,
      ocoAllowed: true,
      quoteOrderQtyMarketAllowed: true,
      isSpotTradingAllowed: true,
      isMarginTradingAllowed: false,
      filters: [Array],
      permissions: [Array]
    },
    type: 'spot',
    spot: true,
    margin: false,
    future: false,
    delivery: false,
    active: true,
    precision: { base: 8, quote: 8, amount: 2, price: 6 },
    limits: {
      amount: [Object],
      price: [Object],
      cost: [Object],
      market: [Object]
    }
  },
  {
    id: 'BTGETH',
    lowercaseId: 'btgeth',
    symbol: 'BTG/ETH',
    base: 'BTG',
    quote: 'ETH',
    baseId: 'BTG',
    quoteId: 'ETH',
    info: {
      symbol: 'BTGETH',
      status: 'BREAK',
      baseAsset: 'BTG',
      baseAssetPrecision: 8,
      quoteAsset: 'ETH',
      quotePrecision: 8,
      quoteAssetPrecision: 8,
      baseCommissionPrecision: 8,
      quoteCommissionPrecision: 8,
      orderTypes: [Array],
      icebergAllowed: true,
      ocoAllowed: true,
      quoteOrderQtyMarketAllowed: true,
      isSpotTradingAllowed: true,
      isMarginTradingAllowed: false,
      filters: [Array],
      permissions: [Array]
    },
    type: 'spot',
    spot: true,
    margin: false,
    future: false,
    delivery: false,
    active: false,
    precision: { base: 8, quote: 8, amount: 2, price: 6 },
    limits: {
      amount: [Object],
      price: [Object],
      cost: [Object],
      market: [Object]
    }
  },
  {
    id: 'EVXBTC',
    lowercaseId: 'evxbtc',
    symbol: 'EVX/BTC',
    base: 'EVX',
    quote: 'BTC',
    baseId: 'EVX',
    quoteId: 'BTC',
    info: {
      symbol: 'EVXBTC',
      status: 'TRADING',
      baseAsset: 'EVX',
      baseAssetPrecision: 8,
      quoteAsset: 'BTC',
      quotePrecision: 8,
      quoteAssetPrecision: 8,
      baseCommissionPrecision: 8,
      quoteCommissionPrecision: 8,
      orderTypes: [Array],
      icebergAllowed: true,
      ocoAllowed: true,
      quoteOrderQtyMarketAllowed: true,
      isSpotTradingAllowed: true,
      isMarginTradingAllowed: false,
      filters: [Array],
      permissions: [Array]
    },
    type: 'spot',
    spot: true,
    margin: false,
    future: false,
    delivery: false,
    active: true,
    precision: { base: 8, quote: 8, amount: 0, price: 8 },
    limits: {
      amount: [Object],
      price: [Object],
      cost: [Object],
      market: [Object]
    }
  },
  {
    id: 'EVXETH',
    lowercaseId: 'evxeth',
    symbol: 'EVX/ETH',
    base: 'EVX',
    quote: 'ETH',
    baseId: 'EVX',
    quoteId: 'ETH',
    info: {
      symbol: 'EVXETH',
      status: 'BREAK',
      baseAsset: 'EVX',
      baseAssetPrecision: 8,
      quoteAsset: 'ETH',
      quotePrecision: 8,
      quoteAssetPrecision: 8,
      baseCommissionPrecision: 8,
      quoteCommissionPrecision: 8,
      orderTypes: [Array],
      icebergAllowed: true,
      ocoAllowed: true,
      quoteOrderQtyMarketAllowed: true,
      isSpotTradingAllowed: true,
      isMarginTradingAllowed: false,
      filters: [Array],
      permissions: [Array]
    },
    type: 'spot',
    spot: true,
    margin: false,
    future: false,
    delivery: false,
    active: false,
    precision: { base: 8, quote: 8, amount: 0, price: 7 },
    limits: {
      amount: [Object],
      price: [Object],
      cost: [Object],
      market: [Object]
    }
  },
  {
    id: 'REQBTC',
    lowercaseId: 'reqbtc',
    symbol: 'REQ/BTC',
    base: 'REQ',
    quote: 'BTC',
    baseId: 'REQ',
    quoteId: 'BTC',
    info: {
      symbol: 'REQBTC',
      status: 'TRADING',
      baseAsset: 'REQ',
      baseAssetPrecision: 8,
      quoteAsset: 'BTC',
      quotePrecision: 8,
      quoteAssetPrecision: 8,
      baseCommissionPrecision: 8,
      quoteCommissionPrecision: 8,
      orderTypes: [Array],
      icebergAllowed: true,
      ocoAllowed: true,
      quoteOrderQtyMarketAllowed: true,
      isSpotTradingAllowed: true,
      isMarginTradingAllowed: false,
      filters: [Array],
      permissions: [Array]
    },
    type: 'spot',
    spot: true,
    margin: false,
    future: false,
    delivery: false,
    active: true,
    precision: { base: 8, quote: 8, amount: 0, price: 8 },
    limits: {
      amount: [Object],
      price: [Object],
      cost: [Object],
      market: [Object]
    }
  },
  {
    id: 'REQETH',
    lowercaseId: 'reqeth',
    symbol: 'REQ/ETH',
    base: 'REQ',
    quote: 'ETH',
    baseId: 'REQ',
    quoteId: 'ETH',
    info: {
      symbol: 'REQETH',
      status: 'BREAK',
      baseAsset: 'REQ',
      baseAssetPrecision: 8,
      quoteAsset: 'ETH',
      quotePrecision: 8,
      quoteAssetPrecision: 8,
      baseCommissionPrecision: 8,
      quoteCommissionPrecision: 8,
      orderTypes: [Array],
      icebergAllowed: true,
      ocoAllowed: true,
      quoteOrderQtyMarketAllowed: true,
      isSpotTradingAllowed: true,
      isMarginTradingAllowed: false,
      filters: [Array],
      permissions: [Array]
    },
    type: 'spot',
    spot: true,
    margin: false,
    future: false,
    delivery: false,
    active: false,
    precision: { base: 8, quote: 8, amount: 0, price: 8 },
    limits: {
      amount: [Object],
      price: [Object],
      cost: [Object],
      market: [Object]
    }
  },
  {
    id: 'VIBBTC',
    lowercaseId: 'vibbtc',
    symbol: 'VIB/BTC',
    base: 'VIB',
    quote: 'BTC',
    baseId: 'VIB',
    quoteId: 'BTC',
    info: {
      symbol: 'VIBBTC',
      status: 'TRADING',
      baseAsset: 'VIB',
      baseAssetPrecision: 8,
      quoteAsset: 'BTC',
      quotePrecision: 8,
      quoteAssetPrecision: 8,
      baseCommissionPrecision: 8,
      quoteCommissionPrecision: 8,
      orderTypes: [Array],
      icebergAllowed: true,
      ocoAllowed: true,
      quoteOrderQtyMarketAllowed: true,
      isSpotTradingAllowed: true,
      isMarginTradingAllowed: false,
      filters: [Array],
      permissions: [Array]
    },
    type: 'spot',
    spot: true,
    margin: false,
    future: false,
    delivery: false,
    active: true,
    precision: { base: 8, quote: 8, amount: 0, price: 8 },
    limits: {
      amount: [Object],
      price: [Object],
      cost: [Object],
      market: [Object]
    }
  },
  {
    id: 'VIBETH',
    lowercaseId: 'vibeth',
    symbol: 'VIB/ETH',
    base: 'VIB',
    quote: 'ETH',
    baseId: 'VIB',
    quoteId: 'ETH',
    info: {
      symbol: 'VIBETH',
      status: 'TRADING',
      baseAsset: 'VIB',
      baseAssetPrecision: 8,
      quoteAsset: 'ETH',
      quotePrecision: 8,
      quoteAssetPrecision: 8,
      baseCommissionPrecision: 8,
      quoteCommissionPrecision: 8,
      orderTypes: [Array],
      icebergAllowed: true,
      ocoAllowed: true,
      quoteOrderQtyMarketAllowed: true,
      isSpotTradingAllowed: true,
      isMarginTradingAllowed: false,
      filters: [Array],
      permissions: [Array]
    },
    type: 'spot',
    spot: true,
    margin: false,
    future: false,
    delivery: false,
    active: true,
    precision: { base: 8, quote: 8, amount: 0, price: 8 },
    limits: {
      amount: [Object],
      price: [Object],
      cost: [Object],
      market: [Object]
    }
  },
  {
    id: 'HSRETH',
    lowercaseId: 'hsreth',
    symbol: 'HSR/ETH',
    base: 'HSR',
    quote: 'ETH',
    baseId: 'HSR',
    quoteId: 'ETH',
    info: {
      symbol: 'HSRETH',
      status: 'BREAK',
      baseAsset: 'HSR',
      baseAssetPrecision: 8,
      quoteAsset: 'ETH',
      quotePrecision: 8,
      quoteAssetPrecision: 8,
      baseCommissionPrecision: 8,
      quoteCommissionPrecision: 8,
      orderTypes: [Array],
      icebergAllowed: true,
      ocoAllowed: true,
      quoteOrderQtyMarketAllowed: true,
      isSpotTradingAllowed: true,
      isMarginTradingAllowed: false,
      filters: [Array],
      permissions: [Array]
    },
    type: 'spot',
    spot: true,
    margin: false,
    future: false,
    delivery: false,
    active: false,
    precision: { base: 8, quote: 8, amount: 2, price: 6 },
    limits: { amount: [Object], price: [Object], cost: [Object] }
  },
  {
    id: 'TRXBTC',
    lowercaseId: 'trxbtc',
    symbol: 'TRX/BTC',
    base: 'TRX',
    quote: 'BTC',
    baseId: 'TRX',
    quoteId: 'BTC',
    info: {
      symbol: 'TRXBTC',
      status: 'TRADING',
      baseAsset: 'TRX',
      baseAssetPrecision: 8,
      quoteAsset: 'BTC',
      quotePrecision: 8,
      quoteAssetPrecision: 8,
      baseCommissionPrecision: 8,
      quoteCommissionPrecision: 8,
      orderTypes: [Array],
      icebergAllowed: true,
      ocoAllowed: true,
      quoteOrderQtyMarketAllowed: true,
      isSpotTradingAllowed: true,
      isMarginTradingAllowed: true,
      filters: [Array],
      permissions: [Array]
    },
    type: 'spot',
    spot: true,
    margin: true,
    future: false,
    delivery: false,
    active: true,
    precision: { base: 8, quote: 8, amount: 0, price: 8 },
    limits: {
      amount: [Object],
      price: [Object],
      cost: [Object],
      market: [Object]
    }
  },
  {
    id: 'TRXETH',
    lowercaseId: 'trxeth',
    symbol: 'TRX/ETH',
    base: 'TRX',
    quote: 'ETH',
    baseId: 'TRX',
    quoteId: 'ETH',
    info: {
      symbol: 'TRXETH',
      status: 'TRADING',
      baseAsset: 'TRX',
      baseAssetPrecision: 8,
      quoteAsset: 'ETH',
      quotePrecision: 8,
      quoteAssetPrecision: 8,
      baseCommissionPrecision: 8,
      quoteCommissionPrecision: 8,
      orderTypes: [Array],
      icebergAllowed: true,
      ocoAllowed: true,
      quoteOrderQtyMarketAllowed: true,
      isSpotTradingAllowed: true,
      isMarginTradingAllowed: true,
      filters: [Array],
      permissions: [Array]
    },
    type: 'spot',
    spot: true,
    margin: true,
    future: false,
    delivery: false,
    active: true,
    precision: { base: 8, quote: 8, amount: 0, price: 8 },
    limits: {
      amount: [Object],
      price: [Object],
      cost: [Object],
      market: [Object]
    }
  },
  {
    id: 'POWRBTC',
    lowercaseId: 'powrbtc',
    symbol: 'POWR/BTC',
    base: 'POWR',
    quote: 'BTC',
    baseId: 'POWR',
    quoteId: 'BTC',
    info: {
      symbol: 'POWRBTC',
      status: 'TRADING',
      baseAsset: 'POWR',
      baseAssetPrecision: 8,
      quoteAsset: 'BTC',
      quotePrecision: 8,
      quoteAssetPrecision: 8,
      baseCommissionPrecision: 8,
      quoteCommissionPrecision: 8,
      orderTypes: [Array],
      icebergAllowed: true,
      ocoAllowed: true,
      quoteOrderQtyMarketAllowed: true,
      isSpotTradingAllowed: true,
      isMarginTradingAllowed: false,
      filters: [Array],
      permissions: [Array]
    },
    type: 'spot',
    spot: true,
    margin: false,
    future: false,
    delivery: false,
    active: true,
    precision: { base: 8, quote: 8, amount: 0, price: 8 },
    limits: {
      amount: [Object],
      price: [Object],
      cost: [Object],
      market: [Object]
    }
  },
  {
    id: 'POWRETH',
    lowercaseId: 'powreth',
    symbol: 'POWR/ETH',
    base: 'POWR',
    quote: 'ETH',
    baseId: 'POWR',
    quoteId: 'ETH',
    info: {
      symbol: 'POWRETH',
      status: 'TRADING',
      baseAsset: 'POWR',
      baseAssetPrecision: 8,
      quoteAsset: 'ETH',
      quotePrecision: 8,
      quoteAssetPrecision: 8,
      baseCommissionPrecision: 8,
      quoteCommissionPrecision: 8,
      orderTypes: [Array],
      icebergAllowed: true,
      ocoAllowed: true,
      quoteOrderQtyMarketAllowed: true,
      isSpotTradingAllowed: true,
      isMarginTradingAllowed: false,
      filters: [Array],
      permissions: [Array]
    },
    type: 'spot',
    spot: true,
    margin: false,
    future: false,
    delivery: false,
    active: true,
    precision: { base: 8, quote: 8, amount: 0, price: 8 },
    limits: {
      amount: [Object],
      price: [Object],
      cost: [Object],
      market: [Object]
    }
  },
  {
    id: 'ARKBTC',
    lowercaseId: 'arkbtc',
    symbol: 'ARK/BTC',
    base: 'ARK',
    quote: 'BTC',
    baseId: 'ARK',
    quoteId: 'BTC',
    info: {
      symbol: 'ARKBTC',
      status: 'TRADING',
      baseAsset: 'ARK',
      baseAssetPrecision: 8,
      quoteAsset: 'BTC',
      quotePrecision: 8,
      quoteAssetPrecision: 8,
      baseCommissionPrecision: 8,
      quoteCommissionPrecision: 8,
      orderTypes: [Array],
      icebergAllowed: true,
      ocoAllowed: true,
      quoteOrderQtyMarketAllowed: true,
      isSpotTradingAllowed: true,
      isMarginTradingAllowed: false,
      filters: [Array],
      permissions: [Array]
    },
    type: 'spot',
    spot: true,
    margin: false,
    future: false,
    delivery: false,
    active: true,
    precision: { base: 8, quote: 8, amount: 0, price: 8 },
    limits: {
      amount: [Object],
      price: [Object],
      cost: [Object],
      market: [Object]
    }
  },
  {
    id: 'ARKETH',
    lowercaseId: 'arketh',
    symbol: 'ARK/ETH',
    base: 'ARK',
    quote: 'ETH',
    baseId: 'ARK',
    quoteId: 'ETH',
    info: {
      symbol: 'ARKETH',
      status: 'BREAK',
      baseAsset: 'ARK',
      baseAssetPrecision: 8,
      quoteAsset: 'ETH',
      quotePrecision: 8,
      quoteAssetPrecision: 8,
      baseCommissionPrecision: 8,
      quoteCommissionPrecision: 8,
      orderTypes: [Array],
      icebergAllowed: true,
      ocoAllowed: true,
      quoteOrderQtyMarketAllowed: true,
      isSpotTradingAllowed: true,
      isMarginTradingAllowed: false,
      filters: [Array],
      permissions: [Array]
    },
    type: 'spot',
    spot: true,
    margin: false,
    future: false,
    delivery: false,
    active: false,
    precision: { base: 8, quote: 8, amount: 2, price: 6 },
    limits: {
      amount: [Object],
      price: [Object],
      cost: [Object],
      market: [Object]
    }
  },
  {
    id: 'YOYOETH',
    lowercaseId: 'yoyoeth',
    symbol: 'YOYOW/ETH',
    base: 'YOYOW',
    quote: 'ETH',
    baseId: 'YOYO',
    quoteId: 'ETH',
    info: {
      symbol: 'YOYOETH',
      status: 'BREAK',
      baseAsset: 'YOYO',
      baseAssetPrecision: 8,
      quoteAsset: 'ETH',
      quotePrecision: 8,
      quoteAssetPrecision: 8,
      baseCommissionPrecision: 8,
      quoteCommissionPrecision: 8,
      orderTypes: [Array],
      icebergAllowed: true,
      ocoAllowed: true,
      quoteOrderQtyMarketAllowed: true,
      isSpotTradingAllowed: true,
      isMarginTradingAllowed: false,
      filters: [Array],
      permissions: [Array]
    },
    type: 'spot',
    spot: true,
    margin: false,
    future: false,
    delivery: false,
    active: false,
    precision: { base: 8, quote: 8, amount: 0, price: 8 },
    limits: {
      amount: [Object],
      price: [Object],
      cost: [Object],
      market: [Object]
    }
  },
  {
    id: 'XRPBTC',
    lowercaseId: 'xrpbtc',
    symbol: 'XRP/BTC',
    base: 'XRP',
    quote: 'BTC',
    baseId: 'XRP',
    quoteId: 'BTC',
    info: {
      symbol: 'XRPBTC',
      status: 'TRADING',
      baseAsset: 'XRP',
      baseAssetPrecision: 8,
      quoteAsset: 'BTC',
      quotePrecision: 8,
      quoteAssetPrecision: 8,
      baseCommissionPrecision: 8,
      quoteCommissionPrecision: 8,
      orderTypes: [Array],
      icebergAllowed: true,
      ocoAllowed: true,
      quoteOrderQtyMarketAllowed: true,
      isSpotTradingAllowed: true,
      isMarginTradingAllowed: true,
      filters: [Array],
      permissions: [Array]
    },
    type: 'spot',
    spot: true,
    margin: true,
    future: false,
    delivery: false,
    active: true,
    precision: { base: 8, quote: 8, amount: 0, price: 8 },
    limits: {
      amount: [Object],
      price: [Object],
      cost: [Object],
      market: [Object]
    }
  },
  {
    id: 'XRPETH',
    lowercaseId: 'xrpeth',
    symbol: 'XRP/ETH',
    base: 'XRP',
    quote: 'ETH',
    baseId: 'XRP',
    quoteId: 'ETH',
    info: {
      symbol: 'XRPETH',
      status: 'TRADING',
      baseAsset: 'XRP',
      baseAssetPrecision: 8,
      quoteAsset: 'ETH',
      quotePrecision: 8,
      quoteAssetPrecision: 8,
      baseCommissionPrecision: 8,
      quoteCommissionPrecision: 8,
      orderTypes: [Array],
      icebergAllowed: true,
      ocoAllowed: true,
      quoteOrderQtyMarketAllowed: true,
      isSpotTradingAllowed: true,
      isMarginTradingAllowed: true,
      filters: [Array],
      permissions: [Array]
    },
    type: 'spot',
    spot: true,
    margin: true,
    future: false,
    delivery: false,
    active: true,
    precision: { base: 8, quote: 8, amount: 0, price: 8 },
    limits: {
      amount: [Object],
      price: [Object],
      cost: [Object],
      market: [Object]
    }
  },
  {
    id: 'MODBTC',
    lowercaseId: 'modbtc',
    symbol: 'MOD/BTC',
    base: 'MOD',
    quote: 'BTC',
    baseId: 'MOD',
    quoteId: 'BTC',
    info: {
      symbol: 'MODBTC',
      status: 'BREAK',
      baseAsset: 'MOD',
      baseAssetPrecision: 8,
      quoteAsset: 'BTC',
      quotePrecision: 8,
      quoteAssetPrecision: 8,
      baseCommissionPrecision: 8,
      quoteCommissionPrecision: 8,
      orderTypes: [Array],
      icebergAllowed: true,
      ocoAllowed: true,
      quoteOrderQtyMarketAllowed: true,
      isSpotTradingAllowed: true,
      isMarginTradingAllowed: false,
      filters: [Array],
      permissions: [Array]
    },
    type: 'spot',
    spot: true,
    margin: false,
    future: false,
    delivery: false,
    active: false,
    precision: { base: 8, quote: 8, amount: 2, price: 7 },
    limits: { amount: [Object], price: [Object], cost: [Object] }
  },
  {
    id: 'MODETH',
    lowercaseId: 'modeth',
    symbol: 'MOD/ETH',
    base: 'MOD',
    quote: 'ETH',
    baseId: 'MOD',
    quoteId: 'ETH',
    info: {
      symbol: 'MODETH',
      status: 'BREAK',
      baseAsset: 'MOD',
      baseAssetPrecision: 8,
      quoteAsset: 'ETH',
      quotePrecision: 8,
      quoteAssetPrecision: 8,
      baseCommissionPrecision: 8,
      quoteCommissionPrecision: 8,
      orderTypes: [Array],
      icebergAllowed: true,
      ocoAllowed: true,
      quoteOrderQtyMarketAllowed: true,
      isSpotTradingAllowed: true,
      isMarginTradingAllowed: false,
      filters: [Array],
      permissions: [Array]
    },
    type: 'spot',
    spot: true,
    margin: false,
    future: false,
    delivery: false,
    active: false,
    precision: { base: 8, quote: 8, amount: 2, price: 6 },
    limits: { amount: [Object], price: [Object], cost: [Object] }
  },
  {
    id: 'ENJBTC',
    lowercaseId: 'enjbtc',
    symbol: 'ENJ/BTC',
    base: 'ENJ',
    quote: 'BTC',
    baseId: 'ENJ',
    quoteId: 'BTC',
    info: {
      symbol: 'ENJBTC',
      status: 'TRADING',
      baseAsset: 'ENJ',
      baseAssetPrecision: 8,
      quoteAsset: 'BTC',
      quotePrecision: 8,
      quoteAssetPrecision: 8,
      baseCommissionPrecision: 8,
      quoteCommissionPrecision: 8,
      orderTypes: [Array],
      icebergAllowed: true,
      ocoAllowed: true,
      quoteOrderQtyMarketAllowed: true,
      isSpotTradingAllowed: true,
      isMarginTradingAllowed: false,
      filters: [Array],
      permissions: [Array]
    },
    type: 'spot',
    spot: true,
    margin: false,
    future: false,
    delivery: false,
    active: true,
    precision: { base: 8, quote: 8, amount: 0, price: 8 },
    limits: {
      amount: [Object],
      price: [Object],
      cost: [Object],
      market: [Object]
    }
  },
  {
    id: 'ENJETH',
    lowercaseId: 'enjeth',
    symbol: 'ENJ/ETH',
    base: 'ENJ',
    quote: 'ETH',
    baseId: 'ENJ',
    quoteId: 'ETH',
    info: {
      symbol: 'ENJETH',
      status: 'TRADING',
      baseAsset: 'ENJ',
      baseAssetPrecision: 8,
      quoteAsset: 'ETH',
      quotePrecision: 8,
      quoteAssetPrecision: 8,
      baseCommissionPrecision: 8,
      quoteCommissionPrecision: 8,
      orderTypes: [Array],
      icebergAllowed: true,
      ocoAllowed: true,
      quoteOrderQtyMarketAllowed: true,
      isSpotTradingAllowed: true,
      isMarginTradingAllowed: false,
      filters: [Array],
      permissions: [Array]
    },
    type: 'spot',
    spot: true,
    margin: false,
    future: false,
    delivery: false,
    active: true,
    precision: { base: 8, quote: 8, amount: 0, price: 8 },
    limits: {
      amount: [Object],
      price: [Object],
      cost: [Object],
      market: [Object]
    }
  },
  {
    id: 'STORJBTC',
    lowercaseId: 'storjbtc',
    symbol: 'STORJ/BTC',
    base: 'STORJ',
    quote: 'BTC',
    baseId: 'STORJ',
    quoteId: 'BTC',
    info: {
      symbol: 'STORJBTC',
      status: 'TRADING',
      baseAsset: 'STORJ',
      baseAssetPrecision: 8,
      quoteAsset: 'BTC',
      quotePrecision: 8,
      quoteAssetPrecision: 8,
      baseCommissionPrecision: 8,
      quoteCommissionPrecision: 8,
      orderTypes: [Array],
      icebergAllowed: true,
      ocoAllowed: true,
      quoteOrderQtyMarketAllowed: true,
      isSpotTradingAllowed: true,
      isMarginTradingAllowed: true,
      filters: [Array],
      permissions: [Array]
    },
    type: 'spot',
    spot: true,
    margin: true,
    future: false,
    delivery: false,
    active: true,
    precision: { base: 8, quote: 8, amount: 0, price: 8 },
    limits: {
      amount: [Object],
      price: [Object],
      cost: [Object],
      market: [Object]
    }
  },
  {
    id: 'STORJETH',
    lowercaseId: 'storjeth',
    symbol: 'STORJ/ETH',
    base: 'STORJ',
    quote: 'ETH',
    baseId: 'STORJ',
    quoteId: 'ETH',
    info: {
      symbol: 'STORJETH',
      status: 'BREAK',
      baseAsset: 'STORJ',
      baseAssetPrecision: 8,
      quoteAsset: 'ETH',
      quotePrecision: 8,
      quoteAssetPrecision: 8,
      baseCommissionPrecision: 8,
      quoteCommissionPrecision: 8,
      orderTypes: [Array],
      icebergAllowed: true,
      ocoAllowed: true,
      quoteOrderQtyMarketAllowed: true,
      isSpotTradingAllowed: true,
      isMarginTradingAllowed: false,
      filters: [Array],
      permissions: [Array]
    },
    type: 'spot',
    spot: true,
    margin: false,
    future: false,
    delivery: false,
    active: false,
    precision: { base: 8, quote: 8, amount: 0, price: 7 },
    limits: {
      amount: [Object],
      price: [Object],
      cost: [Object],
      market: [Object]
    }
  },
  {
    id: 'BNBUSDT',
    lowercaseId: 'bnbusdt',
    symbol: 'BNB/USDT',
    base: 'BNB',
    quote: 'USDT',
    baseId: 'BNB',
    quoteId: 'USDT',
    info: {
      symbol: 'BNBUSDT',
      status: 'TRADING',
      baseAsset: 'BNB',
      baseAssetPrecision: 8,
      quoteAsset: 'USDT',
      quotePrecision: 8,
      quoteAssetPrecision: 8,
      baseCommissionPrecision: 8,
      quoteCommissionPrecision: 8,
      orderTypes: [Array],
      icebergAllowed: true,
      ocoAllowed: true,
      quoteOrderQtyMarketAllowed: true,
      isSpotTradingAllowed: true,
      isMarginTradingAllowed: true,
      filters: [Array],
      permissions: [Array]
    },
    type: 'spot',
    spot: true,
    margin: true,
    future: false,
    delivery: false,
    active: true,
    precision: { base: 8, quote: 8, amount: 3, price: 4 },
    limits: {
      amount: [Object],
      price: [Object],
      cost: [Object],
      market: [Object]
    }
  },
  {
    id: 'VENBNB',
    lowercaseId: 'venbnb',
    symbol: 'VEN/BNB',
    base: 'VEN',
    quote: 'BNB',
    baseId: 'VEN',
    quoteId: 'BNB',
    info: {
      symbol: 'VENBNB',
      status: 'BREAK',
      baseAsset: 'VEN',
      baseAssetPrecision: 8,
      quoteAsset: 'BNB',
      quotePrecision: 8,
      quoteAssetPrecision: 8,
      baseCommissionPrecision: 8,
      quoteCommissionPrecision: 8,
      orderTypes: [Array],
      icebergAllowed: true,
      ocoAllowed: true,
      quoteOrderQtyMarketAllowed: true,
      isSpotTradingAllowed: true,
      isMarginTradingAllowed: false,
      filters: [Array],
      permissions: [Array]
    },
    type: 'spot',
    spot: true,
    margin: false,
    future: false,
    delivery: false,
    active: false,
    precision: { base: 8, quote: 8, amount: 2, price: 4 },
    limits: { amount: [Object], price: [Object], cost: [Object] }
  },
  ... 1197 more items
]
