[
  [
    1614709800000,
    '47812.87000000',
    '47931.82000000',
    '47526.31000000',
    '47635.57000000',
    '483.49380700',
    1614710699999,
    '23065356.40667408',
    23339,
    '197.72984100',
    '9433870.88365475',
    '0'
  ],
  [
    1614710700000,
    '47634.10000000',
    '47750.00000000',
    '47534.51000000',
    '47678.38000000',
    '538.71418200',
    1614711599999,
    '25669671.32185099',
    23757,
    '276.27244100',
    '13165124.89087137',
    '0'
  ],
  [
    1614711600000,
    '47678.38000000',
    '47822.21000000',
    '47150.44000000',
    '47311.28000000',
    '992.78105200',
    1614712499999,
    '47114431.12366967',
    31417,
    '439.13596200',
    '20848657.38592801',
    '0'
  ],
  [
    1614712500000,
    '47311.29000000',
    '47696.72000000',
    '47144.22000000',
    '47613.47000000',
    '801.78628200',
    1614713399999,
    '38036026.97269972',
    27072,
    '371.77062200',
    '17641305.96426672',
    '0'
  ],
  [
    1614713400000,
    '47613.48000000',
    '47944.43000000',
    '47510.21000000',
    '47760.00000000',
    '581.86250000',
    1614714299999,
    '27784384.28100448',
    21678,
    '319.70000000',
    '15265332.46972437',
    '0'
  ],
  [
    1614714300000,
    '47759.99000000',
    '47805.47000000',
    '47390.00000000',
    '47467.43000000',
    '394.83326100',
    1614715199999,
    '18812850.69104647',
    18429,
    '179.32992600',
    '8545885.43796075',
    '0'
  ],
  [
    1614715200000,
    '47467.43000000',
    '47643.28000000',
    '47229.25000000',
    '47400.00000000',
    '619.14881100',
    1614716099999,
    '29357233.03491593',
    17541,
    '297.26188800',
    '14097036.48897243',
    '0'
  ],
  [
    1614716100000,
    '47400.00000000',
    '47576.91000000',
    '47277.77000000',
    '47515.80000000',
    '413.21761100',
    1614716999999,
    '19599014.37879354',
    11742,
    '208.37357700',
    '9884546.89041914',
    '0'
  ],
  [
    1614717000000,
    '47515.80000000',
    '47641.26000000',
    '47207.07000000',
    '47269.88000000',
    '577.59361200',
    1614717899999,
    '27380196.94855128',
    14383,
    '266.48980100',
    '12630396.32549999',
    '0'
  ],
  [
    1614717900000,
    '47269.89000000',
    '47563.49000000',
    '47047.60000000',
    '47529.57000000',
    '843.68839200',
    1614718799999,
    '39895493.00759601',
    20539,
    '430.43099800',
    '20360295.93375159',
    '0'
  ],
  [
    1614718800000,
    '47529.57000000',
    '47800.00000000',
    '47441.67000000',
    '47765.60000000',
    '497.22399500',
    1614719699999,
    '23696337.34696944',
    14734,
    '254.89194000',
    '12148094.77005804',
    '0'
  ],
  [
    1614719700000,
    '47765.59000000',
    '47870.00000000',
    '47670.55000000',
    '47707.33000000',
    '438.80290000',
    1614720599999,
    '20958901.13869296',
    11950,
    '220.64275300',
    '10538719.44369714',
    '0'
  ],
  [
    1614720600000,
    '47707.34000000',
    '47707.34000000',
    '47273.01000000',
    '47383.79000000',
    '617.30686000',
    1614721499999,
    '29284160.29120646',
    15697,
    '275.05612600',
    '13046294.75083886',
    '0'
  ],
  [
    1614721500000,
    '47383.79000000',
    '47565.76000000',
    '47314.23000000',
    '47407.03000000',
    '379.47727600',
    1614722399999,
    '18004076.91450716',
    10948,
    '178.24844100',
    '8457392.92774554',
    '0'
  ],
  [
    1614722400000,
    '47407.25000000',
    '47724.92000000',
    '47331.96000000',
    '47706.52000000',
    '261.72360400',
    1614723299999,
    '12445963.77824231',
    10314,
    '120.79854900',
    '5745543.49965084',
    '0'
  ],
  [
    1614723300000,
    '47706.51000000',
    '47948.42000000',
    '47564.19000000',
    '47623.22000000',
    '421.62947100',
    1614724199999,
    '20130227.83033471',
    14580,
    '186.77174500',
    '8919249.94745457',
    '0'
  ],
  [
    1614724200000,
    '47615.27000000',
    '47960.00000000',
    '47611.95000000',
    '47835.25000000',
    '282.54721600',
    1614725099999,
    '13501934.26323421',
    12668,
    '150.66659400',
    '7200165.06187635',
    '0'
  ],
  [
    1614725100000,
    '47835.25000000',
    '47872.59000000',
    '47671.13000000',
    '47789.87000000',
    '288.08597100',
    1614725999999,
    '13759337.71539442',
    9801,
    '122.24885100',
    '5838271.49589222',
    '0'
  ],
  [
    1614726000000,
    '47793.36000000',
    '48326.49000000',
    '47719.70000000',
    '48192.14000000',
    '818.21577700',
    1614726899999,
    '39368257.06604186',
    20101,
    '439.80590600',
    '21157337.52871252',
    '0'
  ],
  [
    1614726900000,
    '48192.13000000',
    '48225.99000000',
    '48005.41000000',
    '48006.52000000',
    '683.47544100',
    1614727799999,
    '32858836.60398255',
    11969,
    '393.31018700',
    '18903491.53233576',
    '0'
  ],
  [
    1614727800000,
    '48006.52000000',
    '48489.24000000',
    '47965.45000000',
    '48324.97000000',
    '797.78646400',
    1614728699999,
    '38499226.85374695',
    19332,
    '427.75109200',
    '20642968.29133887',
    '0'
  ],
  [
    1614728700000,
    '48324.96000000',
    '48476.17000000',
    '48209.31000000',
    '48440.65000000',
    '560.49864500',
    1614729599999,
    '27084996.60434128',
    12981,
    '250.28527800',
    '12094285.21545109',
    '0'
  ],
  [
    1614729600000,
    '48436.61000000',
    '48445.42000000',
    '48100.71000000',
    '48341.20000000',
    '542.26262400',
    1614730499999,
    '26171814.36996802',
    14276,
    '237.87752500',
    '11481155.03228208',
    '0'
  ],
  [
    1614730500000,
    '48341.20000000',
    '48712.79000000',
    '48280.16000000',
    '48677.11000000',
    '816.58245000',
    1614731399999,
    '39662169.84163538',
    16032,
    '408.22132900',
    '19822978.08538240',
    '0'
  ],
  [
    1614731400000,
    '48677.11000000',
    '48745.13000000',
    '48477.29000000',
    '48550.66000000',
    '599.10836600',
    1614732299999,
    '29105536.23271438',
    12666,
    '261.52646200',
    '12707617.49004392',
    '0'
  ],
  [
    1614732300000,
    '48550.65000000',
    '48677.25000000',
    '48419.67000000',
    '48507.96000000',
    '573.63779400',
    1614733199999,
    '27858899.18416887',
    10103,
    '270.26690100',
    '13121875.44865431',
    '0'
  ],
  [
    1614733200000,
    '48514.80000000',
    '48882.43000000',
    '48458.38000000',
    '48738.51000000',
    '591.83393200',
    1614734099999,
    '28829425.42757668',
    13326,
    '283.67641700',
    '13817223.55996688',
    '0'
  ],
  [
    1614734100000,
    '48738.51000000',
    '48765.68000000',
    '48527.06000000',
    '48533.97000000',
    '432.49086700',
    1614734999999,
    '21049815.08513851',
    11126,
    '162.71143500',
    '7919854.91114135',
    '0'
  ],
  [
    1614735000000,
    '48531.75000000',
    '48664.05000000',
    '48531.75000000',
    '48657.67000000',
    '251.22568200',
    1614735899999,
    '12209886.51974027',
    7764,
    '100.16324600',
    '4867943.28363439',
    '0'
  ],
  [
    1614735900000,
    '48657.67000000',
    '48866.18000000',
    '48615.25000000',
    '48848.63000000',
    '367.75170900',
    1614736799999,
    '17929372.26672913',
    8994,
    '180.18416200',
    '8784366.23168023',
    '0'
  ],
  [
    1614736800000,
    '48848.63000000',
    '49000.51000000',
    '48738.14000000',
    '48789.57000000',
    '696.43982600',
    1614737699999,
    '34046688.41328661',
    13855,
    '328.67782300',
    '16069231.59596682',
    '0'
  ],
  [
    1614737700000,
    '48789.58000000',
    '48789.58000000',
    '48554.54000000',
    '48669.21000000',
    '302.54879100',
    1614738599999,
    '14723396.50039031',
    9252,
    '132.41022000',
    '6443010.68059705',
    '0'
  ],
  [
    1614738600000,
    '48669.21000000',
    '48793.00000000',
    '48620.23000000',
    '48788.58000000',
    '230.04813600',
    1614739499999,
    '11205215.28717262',
    6940,
    '103.84754900',
    '5058455.06209441',
    '0'
  ],
  [
    1614739500000,
    '48788.04000000',
    '48790.39000000',
    '48528.92000000',
    '48594.07000000',
    '324.49066500',
    1614740399999,
    '15776754.68916753',
    8347,
    '154.65922900',
    '7520166.99225156',
    '0'
  ],
  [
    1614740400000,
    '48594.06000000',
    '48839.27000000',
    '48589.97000000',
    '48788.25000000',
    '332.42552100',
    1614741299999,
    '16196368.80969893',
    9945,
    '181.85769500',
    '8860744.79996853',
    '0'
  ],
  [
    1614741300000,
    '48788.25000000',
    '48830.49000000',
    '48600.00000000',
    '48639.18000000',
    '262.79772600',
    1614742199999,
    '12795497.02966667',
    9820,
    '142.23170300',
    '6925522.47072721',
    '0'
  ],
  [
    1614742200000,
    '48639.18000000',
    '48667.68000000',
    '48522.25000000',
    '48536.68000000',
    '216.25354200',
    1614743099999,
    '10507230.82083309',
    9390,
    '103.60376700',
    '5033750.37685253',
    '0'
  ],
  [
    1614743100000,
    '48536.61000000',
    '48722.30000000',
    '48494.53000000',
    '48704.75000000',
    '373.61133200',
    1614743999999,
    '18164484.26936844',
    11738,
    '179.30947600',
    '8718418.85721169',
    '0'
  ],
  [
    1614744000000,
    '48704.75000000',
    '49147.00000000',
    '48653.09000000',
    '49133.32000000',
    '882.75509800',
    1614744899999,
    '43158115.64669773',
    20368,
    '548.62639400',
    '26833290.77766247',
    '0'
  ],
  [
    1614744900000,
    '49133.32000000',
    '49320.73000000',
    '49040.11000000',
    '49138.29000000',
    '757.21575200',
    1614745799999,
    '37246981.94723610',
    19065,
    '298.27305800',
    '14671224.61804673',
    '0'
  ],
  [
    1614745800000,
    '49138.30000000',
    '49222.75000000',
    '49096.08000000',
    '49154.14000000',
    '453.69520900',
    1614746699999,
    '22309003.92153599',
    11550,
    '258.28083200',
    '12699974.33107127',
    '0'
  ],
  [
    1614746700000,
    '49154.15000000',
    '49327.70000000',
    '49059.37000000',
    '49105.47000000',
    '696.78330200',
    1614747599999,
    '34282136.19274655',
    14474,
    '382.97726900',
    '18842987.98462222',
    '0'
  ],
  [
    1614747600000,
    '49105.47000000',
    '49215.21000000',
    '49052.61000000',
    '49156.76000000',
    '467.08489400',
    1614748499999,
    '22946029.86512391',
    24404,
    '242.94228200',
    '11934514.12185872',
    '0'
  ],
  [
    1614748500000,
    '49156.77000000',
    '49439.09000000',
    '49112.77000000',
    '49416.82000000',
    '586.47377100',
    1614749399999,
    '28892855.23078987',
    27870,
    '315.47491400',
    '15543132.70010125',
    '0'
  ],
  [
    1614749400000,
    '49416.13000000',
    '49466.69000000',
    '48884.31000000',
    '48884.31000000',
    '593.31177200',
    1614750299999,
    '29156531.81002696',
    29663,
    '218.91377800',
    '10763383.80465372',
    '0'
  ],
  [
    1614750300000,
    '48887.89000000',
    '49126.02000000',
    '48837.00000000',
    '49079.64000000',
    '517.71682000',
    1614751199999,
    '25344692.70555932',
    26538,
    '288.39285100',
    '14116873.64508903',
    '0'
  ],
  [
    1614751200000,
    '49078.59000000',
    '49410.53000000',
    '49078.59000000',
    '49408.30000000',
    '673.34250600',
    1614752099999,
    '33196767.31687130',
    21990,
    '368.42575000',
    '18156930.39014341',
    '0'
  ],
  [
    1614752100000,
    '49405.62000000',
    '49408.18000000',
    '49178.24000000',
    '49287.00000000',
    '514.12705300',
    1614752999999,
    '25334550.31690401',
    21381,
    '240.42681100',
    '11846191.56646803',
    '0'
  ],
  [
    1614753000000,
    '49287.00000000',
    '49520.03000000',
    '49287.00000000',
    '49425.99000000',
    '739.71029800',
    1614753899999,
    '36552314.20714394',
    25450,
    '418.86178800',
    '20700137.90795576',
    '0'
  ],
  [
    1614753900000,
    '49425.99000000',
    '49637.39000000',
    '49425.00000000',
    '49529.90000000',
    '1031.60090300',
    1614754799999,
    '51101476.12262073',
    24902,
    '639.00816400',
    '31652478.42928867',
    '0'
  ],
  [
    1614754800000,
    '49529.90000000',
    '49652.95000000',
    '49474.11000000',
    '49484.85000000',
    '510.43602900',
    1614755699999,
    '25308707.20661471',
    19408,
    '277.64728000',
    '13767659.93828945',
    '0'
  ],
  [
    1614755700000,
    '49484.84000000',
    '49900.00000000',
    '49481.46000000',
    '49744.42000000',
    '1050.26126900',
    1614756599999,
    '52277048.88438858',
    30548,
    '588.70463700',
    '29300667.72366023',
    '0'
  ],
  [
    1614756600000,
    '49744.42000000',
    '49878.90000000',
    '49666.66000000',
    '49841.06000000',
    '471.59257100',
    1614757499999,
    '23474389.62538749',
    21296,
    '234.96691000',
    '11696077.78031480',
    '0'
  ],
  [
    1614757500000,
    '49836.47000000',
    '49960.00000000',
    '49657.60000000',
    '49752.97000000',
    '760.16964900',
    1614758399999,
    '37871384.96745748',
    26332,
    '358.53538500',
    '17867071.34066956',
    '0'
  ],
  [
    1614758400000,
    '49752.97000000',
    '50055.56000000',
    '49752.97000000',
    '50055.55000000',
    '1184.13842200',
    1614759299999,
    '59141484.48309859',
    27257,
    '791.00210900',
    '39516927.59333520',
    '0'
  ],
  [
    1614759300000,
    '50055.56000000',
    '50736.84000000',
    '50003.42000000',
    '50655.34000000',
    '2063.74919300',
    1614760199999,
    '104185816.14501948',
    46888,
    '1179.90500600',
    '59556157.86098392',
    '0'
  ],
  [
    1614760200000,
    '50655.35000000',
    '50815.00000000',
    '50550.48000000',
    '50708.59000000',
    '1053.58471400',
    1614761099999,
    '53421348.10789933',
    25651,
    '550.72379900',
    '27926851.05249631',
    '0'
  ],
  [
    1614761100000,
    '50708.60000000',
    '50998.00000000',
    '50548.63000000',
    '50909.41000000',
    '1187.27701700',
    1614761999999,
    '60275704.84411011',
    26177,
    '621.86359700',
    '31582141.51239376',
    '0'
  ],
  [
    1614762000000,
    '50909.40000000',
    '51021.79000000',
    '50720.00000000',
    '50940.82000000',
    '1355.00288800',
    1614762899999,
    '68985657.79093044',
    31241,
    '627.26296300',
    '31944103.30566785',
    '0'
  ],
  [
    1614762900000,
    '50937.14000000',
    '51440.85000000',
    '50820.02000000',
    '51395.51000000',
    '1430.24788300',
    1614763799999,
    '73178184.61120485',
    38496,
    '806.12834200',
    '41247454.15494187',
    '0'
  ],
  [
    1614763800000,
    '51395.52000000',
    '51424.58000000',
    '51026.34000000',
    '51310.68000000',
    '1146.41652800',
    1614764699999,
    '58695583.90441271',
    32902,
    '602.53595500',
    '30847071.84906209',
    '0'
  ],
  [
    1614764700000,
    '51310.67000000',
    '51495.00000000',
    '51079.34000000',
    '51445.31000000',
    '1175.15220400',
    1614765599999,
    '60266667.62039394',
    30059,
    '727.27623500',
    '37297835.19491089',
    '0'
  ],
  [
    1614765600000,
    '51445.31000000',
    '51670.01000000',
    '51300.00000000',
    '51562.92000000',
    '1346.00823800',
    1614766499999,
    '69308157.05354492',
    41606,
    '718.14438300',
    '36980752.58164283',
    '0'
  ],
  [
    1614766500000,
    '51565.55000000',
    '51594.09000000',
    '51187.07000000',
    '51405.14000000',
    '1057.79012700',
    1614767399999,
    '54359094.94206435',
    36084,
    '492.97368400',
    '25328331.82756240',
    '0'
  ],
  [
    1614767400000,
    '51407.71000000',
    '51756.05000000',
    '51401.00000000',
    '51403.02000000',
    '1136.15286800',
    1614768299999,
    '58601486.67745545',
    38858,
    '645.58768800',
    '33306353.76532064',
    '0'
  ],
  [
    1614768300000,
    '51404.87000000',
    '51656.59000000',
    '51268.25000000',
    '51414.19000000',
    '980.08681300',
    1614769199999,
    '50478875.20806798',
    34968,
    '540.35985700',
    '27834509.48009730',
    '0'
  ],
  [
    1614769200000,
    '51414.19000000',
    '51777.00000000',
    '51400.00000000',
    '51723.55000000',
    '1337.62889400',
    1614770099999,
    '69024818.30936136',
    35365,
    '775.35888700',
    '40007370.87946938',
    '0'
  ],
  [
    1614770100000,
    '51721.03000000',
    '51777.00000000',
    '51537.77000000',
    '51686.00000000',
    '868.20769400',
    1614770999999,
    '44859043.63156138',
    27111,
    '425.20667800',
    '21970568.99059085',
    '0'
  ],
  [
    1614771000000,
    '51686.01000000',
    '51706.10000000',
    '51155.33000000',
    '51219.88000000',
    '1236.58872800',
    1614771899999,
    '63520441.76308273',
    37756,
    '609.09031600',
    '31281169.99334688',
    '0'
  ],
  [
    1614771900000,
    '51217.43000000',
    '51688.11000000',
    '51200.00000000',
    '51666.33000000',
    '948.92062100',
    1614772799999,
    '48825710.26503427',
    30181,
    '586.46558200',
    '30182704.46188448',
    '0'
  ],
  [
    1614772800000,
    '51665.83000000',
    '51689.00000000',
    '51355.00000000',
    '51383.70000000',
    '843.44567200',
    1614773699999,
    '43481630.04369246',
    21728,
    '402.67738000',
    '20763580.40351560',
    '0'
  ],
  [
    1614773700000,
    '51382.16000000',
    '51750.87000000',
    '51375.21000000',
    '51624.77000000',
    '887.29471900',
    1614774599999,
    '45745546.59404884',
    22979,
    '531.62832900',
    '27408229.41949517',
    '0'
  ],
  [
    1614774600000,
    '51625.72000000',
    '52265.75000000',
    '51599.79000000',
    '52194.91000000',
    '2085.11782300',
    1614775499999,
    '108388468.62279387',
    44578,
    '1395.39004100',
    '72517347.52080004',
    '0'
  ],
  [
    1614775500000,
    '52194.91000000',
    '52575.17000000',
    '52069.10000000',
    '52540.04000000',
    '1898.55233700',
    1614776399999,
    '99376806.86992095',
    37906,
    '978.33360500',
    '51214918.04485775',
    '0'
  ],
  [
    1614776400000,
    '52547.23000000',
    '52640.00000000',
    '51843.91000000',
    '52022.00000000',
    '1655.74726400',
    1614777299999,
    '86473494.14576145',
    41978,
    '756.19296000',
    '39495281.09677461',
    '0'
  ],
  [
    1614777300000,
    '52021.99000000',
    '52039.91000000',
    '51600.00000000',
    '51777.77000000',
    '1462.59164700',
    1614778199999,
    '75741712.55923071',
    32167,
    '717.06962600',
    '37135991.00289262',
    '0'
  ],
  [
    1614778200000,
    '51777.77000000',
    '51987.41000000',
    '51369.91000000',
    '51410.48000000',
    '1346.56046500',
    1614779099999,
    '69537218.03990795',
    31056,
    '624.70972900',
    '32271824.02482757',
    '0'
  ],
  [
    1614779100000,
    '51410.20000000',
    '51583.11000000',
    '51188.31000000',
    '51559.50000000',
    '1293.70386200',
    1614779999999,
    '66486911.03649545',
    32122,
    '706.79533600',
    '36330495.09274100',
    '0'
  ],
  [
    1614780000000,
    '51559.63000000',
    '51564.15000000',
    '50900.00000000',
    '51017.51000000',
    '1489.13628700',
    1614780899999,
    '76240131.36556118',
    36313,
    '655.93421000',
    '33591700.78293144',
    '0'
  ],
  [
    1614780900000,
    '51017.52000000',
    '51088.33000000',
    '50726.00000000',
    '50878.52000000',
    '1778.45150700',
    1614781799999,
    '90539836.39734504',
    42964,
    '964.60288300',
    '49110978.57410718',
    '0'
  ],
  [
    1614781800000,
    '50884.62000000',
    '51250.00000000',
    '50661.00000000',
    '50740.01000000',
    '2412.91753300',
    1614782699999,
    '123079297.30496926',
    37443,
    '1023.43755500',
    '52192922.74360692',
    '0'
  ],
  [
    1614782700000,
    '50740.01000000',
    '50999.00000000',
    '50651.00000000',
    '50776.36000000',
    '1388.64422400',
    1614783599999,
    '70542956.11027714',
    24856,
    '721.83477300',
    '36662156.30638756',
    '0'
  ],
  [
    1614783600000,
    '50776.35000000',
    '51155.00000000',
    '50581.17000000',
    '50627.73000000',
    '1249.65606800',
    1614784499999,
    '63604212.80557548',
    34289,
    '672.19269800',
    '34225651.55512555',
    '0'
  ],
  [
    1614784500000,
    '50627.74000000',
    '50950.90000000',
    '50581.17000000',
    '50879.39000000',
    '1279.92188400',
    1614785399999,
    '64957518.03118726',
    31041,
    '519.28310600',
    '26357821.56721212',
    '0'
  ],
  [
    1614785400000,
    '50879.40000000',
    '50884.85000000',
    '50485.00000000',
    '50485.00000000',
    '1027.16167300',
    1614786299999,
    '52066076.97074779',
    32597,
    '399.15193000',
    '20238685.90783879',
    '0'
  ],
  [
    1614786300000,
    '50485.00000000',
    '50838.32000000',
    '50481.00000000',
    '50767.36000000',
    '969.33909100',
    1614787199999,
    '49081160.72299245',
    32546,
    '444.65396500',
    '22516145.55853751',
    '0'
  ],
  [
    1614787200000,
    '50767.35000000',
    '51140.42000000',
    '50750.02000000',
    '51138.99000000',
    '1511.04117000',
    1614788099999,
    '77038005.04106860',
    49486,
    '729.25077600',
    '37181000.20616308',
    '0'
  ],
  [
    1614788100000,
    '51138.98000000',
    '51444.89000000',
    '50941.07000000',
    '51425.96000000',
    '1480.95266800',
    1614788999999,
    '75822338.90611335',
    46926,
    '747.48635400',
    '38282585.59849936',
    '0'
  ],
  [
    1614789000000,
    '51421.90000000',
    '51444.90000000',
    '50964.00000000',
    '51050.04000000',
    '1370.12301200',
    1614789899999,
    '70144958.20052802',
    38604,
    '530.39127500',
    '27155367.03941798',
    '0'
  ],
  [
    1614789900000,
    '51050.05000000',
    '51284.92000000',
    '51047.30000000',
    '51077.00000000',
    '622.00797500',
    1614790799999,
    '31819351.14893889',
    30700,
    '292.98030800',
    '14987531.42518260',
    '0'
  ],
  [
    1614790800000,
    '51077.00000000',
    '51449.84000000',
    '51076.99000000',
    '51414.54000000',
    '656.33879300',
    1614791699999,
    '33666258.36253510',
    19829,
    '360.49320400',
    '18491523.92071335',
    '0'
  ],
  [
    1614791700000,
    '51417.55000000',
    '51432.29000000',
    '51120.00000000',
    '51169.98000000',
    '691.33894500',
    1614792599999,
    '35450803.31675367',
    23435,
    '276.49346600',
    '14178790.70416622',
    '0'
  ],
  [
    1614792600000,
    '51169.98000000',
    '51170.00000000',
    '50825.18000000',
    '51061.62000000',
    '787.51301500',
    1614793499999,
    '40143801.63509535',
    23895,
    '355.68755100',
    '18129450.52021706',
    '0'
  ],
  [
    1614793500000,
    '51061.62000000',
    '51444.00000000',
    '50960.95000000',
    '51307.78000000',
    '561.52498500',
    1614794399999,
    '28807497.99188247',
    20746,
    '290.76747400',
    '14916715.88263415',
    '0'
  ],
  [
    1614794400000,
    '51305.50000000',
    '51600.00000000',
    '51250.00000000',
    '51472.62000000',
    '802.66289100',
    1614795299999,
    '41314360.80484945',
    18471,
    '480.35264800',
    '24722351.12849306',
    '0'
  ],
  [
    1614795300000,
    '51472.62000000',
    '51570.00000000',
    '51326.98000000',
    '51441.12000000',
    '550.23393500',
    1614796199999,
    '28316266.26423209',
    14285,
    '230.72179800',
    '11873210.37906613',
    '0'
  ]
]
